<?xml version="1.0" encoding="UTF-8"?>
<testsuite xmlns:xsi="http://www.w3.org/2001/XMLSchema-instance" xsi:noNamespaceSchemaLocation="https://maven.apache.org/surefire/maven-surefire-plugin/xsd/surefire-test-report-3.0.xsd" version="3.0" name="com.bgbus.tracker.bus.bdd.CukesRestTest" time="17.852" tests="6" errors="0" skipped="4" failures="0">
  <properties>
[...]
</properties>
  <testcase name="Test create bus" classname="Feature: Tests the Chenile Workflow Service using a REST client. Bus service exists and is under test." time="13.979">
    <system-out><![CDATA[Standard Commons Logging discovery in action with spring-jcl: please remove commons-logging.jar from classpath in order to avoid potential conflicts
20:43:06,040 |-INFO in ch.qos.logback.classic.LoggerContext[default] - This is logback-classic version 1.4.14
20:43:06,041 |-INFO in ch.qos.logback.classic.util.ContextInitializer@6bfaa0a6 - Here is a list of configurators discovered as a service, by rank: 
20:43:06,041 |-INFO in ch.qos.logback.classic.util.ContextInitializer@6bfaa0a6 -   org.springframework.boot.logging.logback.RootLogLevelConfigurator
20:43:06,041 |-INFO in ch.qos.logback.classic.util.ContextInitializer@6bfaa0a6 - They will be invoked in order until ExecutionStatus.DO_NOT_INVOKE_NEXT_IF_ANY is returned.
20:43:06,041 |-INFO in ch.qos.logback.classic.util.ContextInitializer@6bfaa0a6 - Constructed configurator of type class org.springframework.boot.logging.logback.RootLogLevelConfigurator
20:43:06,043 |-INFO in ch.qos.logback.classic.util.ContextInitializer@6bfaa0a6 - org.springframework.boot.logging.logback.RootLogLevelConfigurator.configure() call lasted 0 milliseconds. ExecutionStatus=INVOKE_NEXT_IF_ANY
20:43:06,043 |-INFO in ch.qos.logback.classic.util.ContextInitializer@6bfaa0a6 - Trying to configure with ch.qos.logback.classic.joran.SerializedModelConfigurator
20:43:06,043 |-INFO in ch.qos.logback.classic.util.ContextInitializer@6bfaa0a6 - Constructed configurator of type class ch.qos.logback.classic.joran.SerializedModelConfigurator
20:43:06,044 |-INFO in ch.qos.logback.classic.LoggerContext[default] - Could NOT find resource [logback-test.scmo]
20:43:06,044 |-INFO in ch.qos.logback.classic.LoggerContext[default] - Could NOT find resource [logback.scmo]
20:43:06,044 |-INFO in ch.qos.logback.classic.util.ContextInitializer@6bfaa0a6 - ch.qos.logback.classic.joran.SerializedModelConfigurator.configure() call lasted 1 milliseconds. ExecutionStatus=INVOKE_NEXT_IF_ANY
20:43:06,044 |-INFO in ch.qos.logback.classic.util.ContextInitializer@6bfaa0a6 - Trying to configure with ch.qos.logback.classic.util.DefaultJoranConfigurator
20:43:06,045 |-INFO in ch.qos.logback.classic.util.ContextInitializer@6bfaa0a6 - Constructed configurator of type class ch.qos.logback.classic.util.DefaultJoranConfigurator
20:43:06,045 |-INFO in ch.qos.logback.classic.LoggerContext[default] - Could NOT find resource [logback-test.xml]
20:43:06,045 |-INFO in ch.qos.logback.classic.LoggerContext[default] - Found resource [logback.xml] at [jar:file:/Users/premkumar/.m2/repository/org/chenile/stm/1.3.6/stm-1.3.6.jar!/logback.xml]
20:43:06,049 |-INFO in ch.qos.logback.core.joran.spi.ConfigurationWatchList@76e9f00b - URL [jar:file:/Users/premkumar/.m2/repository/org/chenile/stm/1.3.6/stm-1.3.6.jar!/logback.xml] is not of type file
20:43:06,094 |-INFO in ch.qos.logback.classic.model.processor.ConfigurationModelHandlerFull - Registering a new ReconfigureOnChangeTask ReconfigureOnChangeTask(born:1733280186094)
20:43:06,094 |-INFO in ch.qos.logback.classic.model.processor.ConfigurationModelHandlerFull - No 'scanPeriod' specified. Defaulting to 1 minutes
20:43:06,095 |-INFO in ch.qos.logback.classic.model.processor.ConfigurationModelHandlerFull - Will scan for changes in [jar:file:/Users/premkumar/.m2/repository/org/chenile/stm/1.3.6/stm-1.3.6.jar!/logback.xml] 
20:43:06,095 |-INFO in ch.qos.logback.classic.model.processor.ConfigurationModelHandlerFull - Setting ReconfigureOnChangeTask scanning period to 1 minutes
20:43:06,096 |-INFO in ch.qos.logback.classic.model.processor.LoggerContextListenerModelHandler - Adding LoggerContextListener of type [ch.qos.logback.classic.jul.LevelChangePropagator] to the object stack
20:43:06,099 |-INFO in ch.qos.logback.classic.jul.LevelChangePropagator@314b9e4b - Setting level of jul logger [org.junit] to null
20:43:06,099 |-INFO in ch.qos.logback.classic.jul.LevelChangePropagator@314b9e4b - Propagating INFO level on Logger[ROOT] onto the JUL framework
20:43:06,099 |-INFO in ch.qos.logback.classic.model.processor.LoggerContextListenerModelHandler - Starting LoggerContextListener
20:43:06,100 |-WARN in ch.qos.logback.core.model.processor.AppenderModelHandler - Appender named [CONSOLE] not referenced. Skipping further processing.
20:43:06,100 |-INFO in ch.qos.logback.core.model.processor.AppenderModelHandler - Processing appender named [FILE]
20:43:06,100 |-INFO in ch.qos.logback.core.model.processor.AppenderModelHandler - About to instantiate appender of type [ch.qos.logback.core.rolling.RollingFileAppender]
20:43:06,115 |-INFO in c.q.l.core.rolling.TimeBasedRollingPolicy@1864074564 - No compression will be used
20:43:06,116 |-INFO in c.q.l.core.rolling.TimeBasedRollingPolicy@1864074564 - Will use the pattern log/logFile.%d{yyyy-MM-dd}.log for the active file
20:43:06,126 |-INFO in c.q.l.core.rolling.DefaultTimeBasedFileNamingAndTriggeringPolicy - The date pattern is 'yyyy-MM-dd' from file name pattern 'log/logFile.%d{yyyy-MM-dd}.log'.
20:43:06,126 |-INFO in c.q.l.core.rolling.DefaultTimeBasedFileNamingAndTriggeringPolicy - Roll-over at midnight.
20:43:06,127 |-INFO in c.q.l.core.rolling.DefaultTimeBasedFileNamingAndTriggeringPolicy - Setting initial period to 2024-12-04T02:43:06.127Z
20:43:06,128 |-INFO in ch.qos.logback.core.model.processor.ImplicitModelHandler - Assuming default type [ch.qos.logback.classic.encoder.PatternLayoutEncoder] for [encoder] property
20:43:06,136 |-INFO in ch.qos.logback.core.rolling.RollingFileAppender[FILE] - Active log file name: log/logFile.2024-12-03.log
20:43:06,136 |-INFO in ch.qos.logback.core.rolling.RollingFileAppender[FILE] - File property is set to [null]
20:43:06,137 |-WARN in ch.qos.logback.core.model.processor.AppenderModelHandler - Appender named [ASYNC] not referenced. Skipping further processing.
20:43:06,137 |-INFO in ch.qos.logback.classic.model.processor.LoggerModelHandler - Setting level of logger [com.ebee.bhive] to DEBUG
20:43:06,137 |-INFO in ch.qos.logback.classic.jul.LevelChangePropagator@314b9e4b - Propagating DEBUG level on Logger[com.ebee.bhive] onto the JUL framework
20:43:06,137 |-INFO in ch.qos.logback.classic.model.processor.LoggerModelHandler - Setting level of logger [javax.activation] to WARN
20:43:06,137 |-INFO in ch.qos.logback.classic.jul.LevelChangePropagator@314b9e4b - Propagating WARN level on Logger[javax.activation] onto the JUL framework
20:43:06,137 |-INFO in ch.qos.logback.classic.model.processor.LoggerModelHandler - Setting level of logger [javax.mail] to WARN
20:43:06,137 |-INFO in ch.qos.logback.classic.jul.LevelChangePropagator@314b9e4b - Propagating WARN level on Logger[javax.mail] onto the JUL framework
20:43:06,137 |-INFO in ch.qos.logback.classic.model.processor.LoggerModelHandler - Setting level of logger [javax.xml.bind] to WARN
20:43:06,137 |-INFO in ch.qos.logback.classic.jul.LevelChangePropagator@314b9e4b - Propagating WARN level on Logger[javax.xml.bind] onto the JUL framework
20:43:06,137 |-INFO in ch.qos.logback.classic.model.processor.LoggerModelHandler - Setting level of logger [ch.qos.logback] to WARN
20:43:06,137 |-INFO in ch.qos.logback.classic.jul.LevelChangePropagator@314b9e4b - Propagating WARN level on Logger[ch.qos.logback] onto the JUL framework
20:43:06,137 |-INFO in ch.qos.logback.classic.model.processor.LoggerModelHandler - Setting level of logger [com.codahale.metrics] to WARN
20:43:06,137 |-INFO in ch.qos.logback.classic.jul.LevelChangePropagator@314b9e4b - Propagating WARN level on Logger[com.codahale.metrics] onto the JUL framework
20:43:06,137 |-INFO in ch.qos.logback.classic.model.processor.LoggerModelHandler - Setting level of logger [com.ryantenney] to WARN
20:43:06,137 |-INFO in ch.qos.logback.classic.jul.LevelChangePropagator@314b9e4b - Propagating WARN level on Logger[com.ryantenney] onto the JUL framework
20:43:06,137 |-INFO in ch.qos.logback.classic.model.processor.LoggerModelHandler - Setting level of logger [com.sun.xml.internal.bind] to WARN
20:43:06,137 |-INFO in ch.qos.logback.classic.jul.LevelChangePropagator@314b9e4b - Propagating WARN level on Logger[com.sun.xml.internal.bind] onto the JUL framework
20:43:06,138 |-INFO in ch.qos.logback.classic.model.processor.LoggerModelHandler - Setting level of logger [com.zaxxer] to WARN
20:43:06,138 |-INFO in ch.qos.logback.classic.jul.LevelChangePropagator@314b9e4b - Propagating WARN level on Logger[com.zaxxer] onto the JUL framework
20:43:06,138 |-INFO in ch.qos.logback.classic.model.processor.LoggerModelHandler - Setting level of logger [io.undertow] to WARN
20:43:06,138 |-INFO in ch.qos.logback.classic.jul.LevelChangePropagator@314b9e4b - Propagating WARN level on Logger[io.undertow] onto the JUL framework
20:43:06,138 |-INFO in ch.qos.logback.classic.model.processor.LoggerModelHandler - Setting level of logger [net.sf.ehcache] to WARN
20:43:06,138 |-INFO in ch.qos.logback.classic.jul.LevelChangePropagator@314b9e4b - Propagating WARN level on Logger[net.sf.ehcache] onto the JUL framework
20:43:06,138 |-INFO in ch.qos.logback.classic.model.processor.LoggerModelHandler - Setting level of logger [org.apache] to WARN
20:43:06,138 |-INFO in ch.qos.logback.classic.jul.LevelChangePropagator@314b9e4b - Propagating WARN level on Logger[org.apache] onto the JUL framework
20:43:06,138 |-INFO in ch.qos.logback.classic.model.processor.LoggerModelHandler - Setting level of logger [org.apache.catalina.startup.DigesterFactory] to OFF
20:43:06,138 |-INFO in ch.qos.logback.classic.jul.LevelChangePropagator@314b9e4b - Propagating OFF level on Logger[org.apache.catalina.startup.DigesterFactory] onto the JUL framework
20:43:06,138 |-INFO in ch.qos.logback.classic.model.processor.LoggerModelHandler - Setting level of logger [org.bson] to WARN
20:43:06,138 |-INFO in ch.qos.logback.classic.jul.LevelChangePropagator@314b9e4b - Propagating WARN level on Logger[org.bson] onto the JUL framework
20:43:06,138 |-INFO in ch.qos.logback.classic.model.processor.LoggerModelHandler - Setting level of logger [org.hibernate.validator] to WARN
20:43:06,138 |-INFO in ch.qos.logback.classic.jul.LevelChangePropagator@314b9e4b - Propagating WARN level on Logger[org.hibernate.validator] onto the JUL framework
20:43:06,138 |-INFO in ch.qos.logback.classic.model.processor.LoggerModelHandler - Setting level of logger [org.hibernate] to WARN
20:43:06,138 |-INFO in ch.qos.logback.classic.jul.LevelChangePropagator@314b9e4b - Propagating WARN level on Logger[org.hibernate] onto the JUL framework
20:43:06,138 |-INFO in ch.qos.logback.classic.model.processor.LoggerModelHandler - Setting level of logger [org.hibernate.ejb.HibernatePersistence] to OFF
20:43:06,138 |-INFO in ch.qos.logback.classic.jul.LevelChangePropagator@314b9e4b - Propagating OFF level on Logger[org.hibernate.ejb.HibernatePersistence] onto the JUL framework
20:43:06,138 |-INFO in ch.qos.logback.classic.model.processor.LoggerModelHandler - Setting level of logger [org.springframework] to WARN
20:43:06,138 |-INFO in ch.qos.logback.classic.jul.LevelChangePropagator@314b9e4b - Propagating WARN level on Logger[org.springframework] onto the JUL framework
20:43:06,138 |-INFO in ch.qos.logback.classic.model.processor.LoggerModelHandler - Setting level of logger [org.springframework.web] to WARN
20:43:06,138 |-INFO in ch.qos.logback.classic.jul.LevelChangePropagator@314b9e4b - Propagating WARN level on Logger[org.springframework.web] onto the JUL framework
20:43:06,138 |-INFO in ch.qos.logback.classic.model.processor.LoggerModelHandler - Setting level of logger [org.springframework.security] to WARN
20:43:06,138 |-INFO in ch.qos.logback.classic.jul.LevelChangePropagator@314b9e4b - Propagating WARN level on Logger[org.springframework.security] onto the JUL framework
20:43:06,138 |-INFO in ch.qos.logback.classic.model.processor.LoggerModelHandler - Setting level of logger [org.springframework.cache] to WARN
20:43:06,138 |-INFO in ch.qos.logback.classic.jul.LevelChangePropagator@314b9e4b - Propagating WARN level on Logger[org.springframework.cache] onto the JUL framework
20:43:06,138 |-INFO in ch.qos.logback.classic.model.processor.LoggerModelHandler - Setting level of logger [org.thymeleaf] to WARN
20:43:06,138 |-INFO in ch.qos.logback.classic.jul.LevelChangePropagator@314b9e4b - Propagating WARN level on Logger[org.thymeleaf] onto the JUL framework
20:43:06,138 |-INFO in ch.qos.logback.classic.model.processor.LoggerModelHandler - Setting level of logger [org.xnio] to WARN
20:43:06,138 |-INFO in ch.qos.logback.classic.jul.LevelChangePropagator@314b9e4b - Propagating WARN level on Logger[org.xnio] onto the JUL framework
20:43:06,138 |-INFO in ch.qos.logback.classic.model.processor.LoggerModelHandler - Setting level of logger [com.mangofactory.swagger] to WARN
20:43:06,138 |-INFO in ch.qos.logback.classic.jul.LevelChangePropagator@314b9e4b - Propagating WARN level on Logger[com.mangofactory.swagger] onto the JUL framework
20:43:06,138 |-INFO in ch.qos.logback.classic.model.processor.LoggerModelHandler - Setting level of logger [com.wordnik.swagger] to WARN
20:43:06,138 |-INFO in ch.qos.logback.classic.jul.LevelChangePropagator@314b9e4b - Propagating WARN level on Logger[com.wordnik.swagger] onto the JUL framework
20:43:06,138 |-INFO in ch.qos.logback.classic.model.processor.LoggerModelHandler - Setting level of logger [liquibase] to WARN
20:43:06,138 |-INFO in ch.qos.logback.classic.jul.LevelChangePropagator@314b9e4b - Propagating WARN level on Logger[liquibase] onto the JUL framework
20:43:06,138 |-INFO in ch.qos.logback.classic.model.processor.LoggerModelHandler - Setting level of logger [sun.rmi.transport] to WARN
20:43:06,138 |-INFO in ch.qos.logback.classic.jul.LevelChangePropagator@314b9e4b - Propagating WARN level on Logger[sun.rmi.transport] onto the JUL framework
20:43:06,138 |-INFO in ch.qos.logback.classic.model.processor.RootLoggerModelHandler - Setting level of ROOT logger to DEBUG
20:43:06,138 |-INFO in ch.qos.logback.classic.jul.LevelChangePropagator@314b9e4b - Propagating DEBUG level on Logger[ROOT] onto the JUL framework
20:43:06,138 |-INFO in ch.qos.logback.core.model.processor.AppenderRefModelHandler - Attaching appender named [FILE] to Logger[ROOT]
20:43:06,139 |-INFO in ch.qos.logback.core.model.processor.DefaultProcessor@51dae791 - End of configuration.
20:43:06,139 |-INFO in ch.qos.logback.classic.joran.JoranConfigurator@688a2c09 - Registering current configuration as safe fallback point
20:43:06,139 |-INFO in ch.qos.logback.classic.util.ContextInitializer@6bfaa0a6 - ch.qos.logback.classic.util.DefaultJoranConfigurator.configure() call lasted 94 milliseconds. ExecutionStatus=DO_NOT_INVOKE_NEXT_IF_ANY

20:43:06,491 |-INFO in ch.qos.logback.core.joran.spi.ConfigurationWatchList@77ea960f - URL [jar:file:/Users/premkumar/.m2/repository/org/chenile/stm/1.3.6/stm-1.3.6.jar!/logback.xml] is not of type file
20:43:06,495 |-INFO in ch.qos.logback.classic.model.processor.ConfigurationModelHandlerFull - Registering a new ReconfigureOnChangeTask ReconfigureOnChangeTask(born:1733280186495)
20:43:06,495 |-INFO in ch.qos.logback.classic.model.processor.ConfigurationModelHandlerFull - No 'scanPeriod' specified. Defaulting to 1 minutes
20:43:06,495 |-INFO in ch.qos.logback.classic.model.processor.ConfigurationModelHandlerFull - Will scan for changes in [jar:file:/Users/premkumar/.m2/repository/org/chenile/stm/1.3.6/stm-1.3.6.jar!/logback.xml] 
20:43:06,495 |-INFO in ch.qos.logback.classic.model.processor.ConfigurationModelHandlerFull - Setting ReconfigureOnChangeTask scanning period to 1 minutes
20:43:06,495 |-INFO in ch.qos.logback.classic.model.processor.LoggerContextListenerModelHandler - Adding LoggerContextListener of type [ch.qos.logback.classic.jul.LevelChangePropagator] to the object stack
20:43:06,495 |-INFO in ch.qos.logback.classic.jul.LevelChangePropagator@5f166f2e - Setting level of jul logger [org.thymeleaf] to null
20:43:06,495 |-INFO in ch.qos.logback.classic.jul.LevelChangePropagator@5f166f2e - Setting level of jul logger [ch.qos.logback] to null
20:43:06,495 |-INFO in ch.qos.logback.classic.jul.LevelChangePropagator@5f166f2e - Setting level of jul logger [org.hibernate] to null
20:43:06,495 |-INFO in ch.qos.logback.classic.jul.LevelChangePropagator@5f166f2e - Setting level of jul logger [liquibase] to null
20:43:06,495 |-INFO in ch.qos.logback.classic.jul.LevelChangePropagator@5f166f2e - Setting level of jul logger [com.sun.xml.internal.bind] to null
20:43:06,495 |-INFO in ch.qos.logback.classic.jul.LevelChangePropagator@5f166f2e - Setting level of jul logger [org.hibernate.validator] to null
20:43:06,495 |-INFO in ch.qos.logback.classic.jul.LevelChangePropagator@5f166f2e - Setting level of jul logger [com.ebee.bhive] to null
20:43:06,495 |-INFO in ch.qos.logback.classic.jul.LevelChangePropagator@5f166f2e - Setting level of jul logger [org.apache.catalina.startup.DigesterFactory] to null
20:43:06,495 |-INFO in ch.qos.logback.classic.jul.LevelChangePropagator@5f166f2e - Setting level of jul logger [org.springframework] to null
20:43:06,495 |-INFO in ch.qos.logback.classic.jul.LevelChangePropagator@5f166f2e - Setting level of jul logger [com.codahale.metrics] to null
20:43:06,495 |-INFO in ch.qos.logback.classic.jul.LevelChangePropagator@5f166f2e - Setting level of jul logger [org.bson] to null
20:43:06,495 |-INFO in ch.qos.logback.classic.jul.LevelChangePropagator@5f166f2e - Setting level of jul logger [javax.activation] to null
20:43:06,495 |-INFO in ch.qos.logback.classic.jul.LevelChangePropagator@5f166f2e - Setting level of jul logger [org.springframework.security] to null
20:43:06,495 |-INFO in ch.qos.logback.classic.jul.LevelChangePropagator@5f166f2e - Setting level of jul logger [org.springframework.web] to null
20:43:06,495 |-INFO in ch.qos.logback.classic.jul.LevelChangePropagator@5f166f2e - Setting level of jul logger [net.sf.ehcache] to null
20:43:06,495 |-INFO in ch.qos.logback.classic.jul.LevelChangePropagator@5f166f2e - Setting level of jul logger [org.hibernate.ejb.HibernatePersistence] to null
20:43:06,495 |-INFO in ch.qos.logback.classic.jul.LevelChangePropagator@5f166f2e - Setting level of jul logger [org.apache] to null
20:43:06,495 |-INFO in ch.qos.logback.classic.jul.LevelChangePropagator@5f166f2e - Setting level of jul logger [org.xnio] to null
20:43:06,495 |-INFO in ch.qos.logback.classic.jul.LevelChangePropagator@5f166f2e - Setting level of jul logger [javax.mail] to null
20:43:06,495 |-INFO in ch.qos.logback.classic.jul.LevelChangePropagator@5f166f2e - Setting level of jul logger [javax.xml.bind] to null
20:43:06,495 |-INFO in ch.qos.logback.classic.jul.LevelChangePropagator@5f166f2e - Setting level of jul logger [com.mangofactory.swagger] to null
20:43:06,495 |-INFO in ch.qos.logback.classic.jul.LevelChangePropagator@5f166f2e - Setting level of jul logger [com.zaxxer] to null
20:43:06,495 |-INFO in ch.qos.logback.classic.jul.LevelChangePropagator@5f166f2e - Setting level of jul logger [org.springframework.cache] to null
20:43:06,495 |-INFO in ch.qos.logback.classic.jul.LevelChangePropagator@5f166f2e - Setting level of jul logger [com.ryantenney] to null
20:43:06,495 |-INFO in ch.qos.logback.classic.jul.LevelChangePropagator@5f166f2e - Setting level of jul logger [com.wordnik.swagger] to null
20:43:06,495 |-INFO in ch.qos.logback.classic.jul.LevelChangePropagator@5f166f2e - Setting level of jul logger [io.undertow] to null
20:43:06,495 |-INFO in ch.qos.logback.classic.jul.LevelChangePropagator@5f166f2e - Setting level of jul logger [sun.rmi.transport] to null
20:43:06,496 |-INFO in ch.qos.logback.classic.jul.LevelChangePropagator@5f166f2e - Propagating DEBUG level on Logger[ROOT] onto the JUL framework
20:43:06,496 |-INFO in ch.qos.logback.classic.model.processor.LoggerContextListenerModelHandler - Starting LoggerContextListener
20:43:06,496 |-WARN in ch.qos.logback.core.model.processor.AppenderModelHandler - Appender named [CONSOLE] not referenced. Skipping further processing.
20:43:06,496 |-INFO in ch.qos.logback.core.model.processor.AppenderModelHandler - Processing appender named [FILE]
20:43:06,496 |-INFO in ch.qos.logback.core.model.processor.AppenderModelHandler - About to instantiate appender of type [ch.qos.logback.core.rolling.RollingFileAppender]
20:43:06,496 |-INFO in c.q.l.core.rolling.TimeBasedRollingPolicy@519650817 - No compression will be used
20:43:06,496 |-INFO in c.q.l.core.rolling.TimeBasedRollingPolicy@519650817 - Will use the pattern log/logFile.%d{yyyy-MM-dd}.log for the active file
20:43:06,496 |-INFO in c.q.l.core.rolling.DefaultTimeBasedFileNamingAndTriggeringPolicy - The date pattern is 'yyyy-MM-dd' from file name pattern 'log/logFile.%d{yyyy-MM-dd}.log'.
20:43:06,496 |-INFO in c.q.l.core.rolling.DefaultTimeBasedFileNamingAndTriggeringPolicy - Roll-over at midnight.
20:43:06,496 |-INFO in c.q.l.core.rolling.DefaultTimeBasedFileNamingAndTriggeringPolicy - Setting initial period to 2024-12-04T02:43:06.496Z
20:43:06,496 |-INFO in ch.qos.logback.core.model.processor.ImplicitModelHandler - Assuming default type [ch.qos.logback.classic.encoder.PatternLayoutEncoder] for [encoder] property
20:43:06,497 |-INFO in ch.qos.logback.core.rolling.RollingFileAppender[FILE] - Active log file name: log/logFile.2024-12-03.log
20:43:06,497 |-INFO in ch.qos.logback.core.rolling.RollingFileAppender[FILE] - File property is set to [null]
20:43:06,497 |-WARN in ch.qos.logback.core.model.processor.AppenderModelHandler - Appender named [ASYNC] not referenced. Skipping further processing.
20:43:06,497 |-INFO in ch.qos.logback.classic.model.processor.LoggerModelHandler - Setting level of logger [com.ebee.bhive] to DEBUG
20:43:06,497 |-INFO in ch.qos.logback.classic.jul.LevelChangePropagator@4fafd27e - Propagating DEBUG level on Logger[com.ebee.bhive] onto the JUL framework
20:43:06,497 |-INFO in ch.qos.logback.classic.jul.LevelChangePropagator@5f166f2e - Propagating DEBUG level on Logger[com.ebee.bhive] onto the JUL framework
20:43:06,497 |-INFO in ch.qos.logback.classic.model.processor.LoggerModelHandler - Setting level of logger [javax.activation] to WARN
20:43:06,497 |-INFO in ch.qos.logback.classic.jul.LevelChangePropagator@4fafd27e - Propagating WARN level on Logger[javax.activation] onto the JUL framework
20:43:06,497 |-INFO in ch.qos.logback.classic.jul.LevelChangePropagator@5f166f2e - Propagating WARN level on Logger[javax.activation] onto the JUL framework
20:43:06,497 |-INFO in ch.qos.logback.classic.model.processor.LoggerModelHandler - Setting level of logger [javax.mail] to WARN
20:43:06,497 |-INFO in ch.qos.logback.classic.jul.LevelChangePropagator@4fafd27e - Propagating WARN level on Logger[javax.mail] onto the JUL framework
20:43:06,497 |-INFO in ch.qos.logback.classic.jul.LevelChangePropagator@5f166f2e - Propagating WARN level on Logger[javax.mail] onto the JUL framework
20:43:06,497 |-INFO in ch.qos.logback.classic.model.processor.LoggerModelHandler - Setting level of logger [javax.xml.bind] to WARN
20:43:06,497 |-INFO in ch.qos.logback.classic.jul.LevelChangePropagator@4fafd27e - Propagating WARN level on Logger[javax.xml.bind] onto the JUL framework
20:43:06,497 |-INFO in ch.qos.logback.classic.jul.LevelChangePropagator@5f166f2e - Propagating WARN level on Logger[javax.xml.bind] onto the JUL framework
20:43:06,497 |-INFO in ch.qos.logback.classic.model.processor.LoggerModelHandler - Setting level of logger [ch.qos.logback] to WARN
20:43:06,497 |-INFO in ch.qos.logback.classic.jul.LevelChangePropagator@4fafd27e - Propagating WARN level on Logger[ch.qos.logback] onto the JUL framework
20:43:06,497 |-INFO in ch.qos.logback.classic.jul.LevelChangePropagator@5f166f2e - Propagating WARN level on Logger[ch.qos.logback] onto the JUL framework
20:43:06,497 |-INFO in ch.qos.logback.classic.model.processor.LoggerModelHandler - Setting level of logger [com.codahale.metrics] to WARN
20:43:06,497 |-INFO in ch.qos.logback.classic.jul.LevelChangePropagator@4fafd27e - Propagating WARN level on Logger[com.codahale.metrics] onto the JUL framework
20:43:06,497 |-INFO in ch.qos.logback.classic.jul.LevelChangePropagator@5f166f2e - Propagating WARN level on Logger[com.codahale.metrics] onto the JUL framework
20:43:06,497 |-INFO in ch.qos.logback.classic.model.processor.LoggerModelHandler - Setting level of logger [com.ryantenney] to WARN
20:43:06,497 |-INFO in ch.qos.logback.classic.jul.LevelChangePropagator@4fafd27e - Propagating WARN level on Logger[com.ryantenney] onto the JUL framework
20:43:06,497 |-INFO in ch.qos.logback.classic.jul.LevelChangePropagator@5f166f2e - Propagating WARN level on Logger[com.ryantenney] onto the JUL framework
20:43:06,497 |-INFO in ch.qos.logback.classic.model.processor.LoggerModelHandler - Setting level of logger [com.sun.xml.internal.bind] to WARN
20:43:06,497 |-INFO in ch.qos.logback.classic.jul.LevelChangePropagator@4fafd27e - Propagating WARN level on Logger[com.sun.xml.internal.bind] onto the JUL framework
20:43:06,497 |-INFO in ch.qos.logback.classic.jul.LevelChangePropagator@5f166f2e - Propagating WARN level on Logger[com.sun.xml.internal.bind] onto the JUL framework
20:43:06,497 |-INFO in ch.qos.logback.classic.model.processor.LoggerModelHandler - Setting level of logger [com.zaxxer] to WARN
20:43:06,497 |-INFO in ch.qos.logback.classic.jul.LevelChangePropagator@4fafd27e - Propagating WARN level on Logger[com.zaxxer] onto the JUL framework
20:43:06,497 |-INFO in ch.qos.logback.classic.jul.LevelChangePropagator@5f166f2e - Propagating WARN level on Logger[com.zaxxer] onto the JUL framework
20:43:06,497 |-INFO in ch.qos.logback.classic.model.processor.LoggerModelHandler - Setting level of logger [io.undertow] to WARN
20:43:06,497 |-INFO in ch.qos.logback.classic.jul.LevelChangePropagator@4fafd27e - Propagating WARN level on Logger[io.undertow] onto the JUL framework
20:43:06,497 |-INFO in ch.qos.logback.classic.jul.LevelChangePropagator@5f166f2e - Propagating WARN level on Logger[io.undertow] onto the JUL framework
20:43:06,497 |-INFO in ch.qos.logback.classic.model.processor.LoggerModelHandler - Setting level of logger [net.sf.ehcache] to WARN
20:43:06,497 |-INFO in ch.qos.logback.classic.jul.LevelChangePropagator@4fafd27e - Propagating WARN level on Logger[net.sf.ehcache] onto the JUL framework
20:43:06,497 |-INFO in ch.qos.logback.classic.jul.LevelChangePropagator@5f166f2e - Propagating WARN level on Logger[net.sf.ehcache] onto the JUL framework
20:43:06,497 |-INFO in ch.qos.logback.classic.model.processor.LoggerModelHandler - Setting level of logger [org.apache] to WARN
20:43:06,497 |-INFO in ch.qos.logback.classic.jul.LevelChangePropagator@4fafd27e - Propagating WARN level on Logger[org.apache] onto the JUL framework
20:43:06,497 |-INFO in ch.qos.logback.classic.jul.LevelChangePropagator@5f166f2e - Propagating WARN level on Logger[org.apache] onto the JUL framework
20:43:06,497 |-INFO in ch.qos.logback.classic.model.processor.LoggerModelHandler - Setting level of logger [org.apache.catalina.startup.DigesterFactory] to OFF
20:43:06,497 |-INFO in ch.qos.logback.classic.jul.LevelChangePropagator@4fafd27e - Propagating OFF level on Logger[org.apache.catalina.startup.DigesterFactory] onto the JUL framework
20:43:06,497 |-INFO in ch.qos.logback.classic.jul.LevelChangePropagator@5f166f2e - Propagating OFF level on Logger[org.apache.catalina.startup.DigesterFactory] onto the JUL framework
20:43:06,497 |-INFO in ch.qos.logback.classic.model.processor.LoggerModelHandler - Setting level of logger [org.bson] to WARN
20:43:06,497 |-INFO in ch.qos.logback.classic.jul.LevelChangePropagator@4fafd27e - Propagating WARN level on Logger[org.bson] onto the JUL framework
20:43:06,497 |-INFO in ch.qos.logback.classic.jul.LevelChangePropagator@5f166f2e - Propagating WARN level on Logger[org.bson] onto the JUL framework
20:43:06,497 |-INFO in ch.qos.logback.classic.model.processor.LoggerModelHandler - Setting level of logger [org.hibernate.validator] to WARN
20:43:06,497 |-INFO in ch.qos.logback.classic.jul.LevelChangePropagator@4fafd27e - Propagating WARN level on Logger[org.hibernate.validator] onto the JUL framework
20:43:06,497 |-INFO in ch.qos.logback.classic.jul.LevelChangePropagator@5f166f2e - Propagating WARN level on Logger[org.hibernate.validator] onto the JUL framework
20:43:06,497 |-INFO in ch.qos.logback.classic.model.processor.LoggerModelHandler - Setting level of logger [org.hibernate] to WARN
20:43:06,497 |-INFO in ch.qos.logback.classic.jul.LevelChangePropagator@4fafd27e - Propagating WARN level on Logger[org.hibernate] onto the JUL framework
20:43:06,497 |-INFO in ch.qos.logback.classic.jul.LevelChangePropagator@5f166f2e - Propagating WARN level on Logger[org.hibernate] onto the JUL framework
20:43:06,497 |-INFO in ch.qos.logback.classic.model.processor.LoggerModelHandler - Setting level of logger [org.hibernate.ejb.HibernatePersistence] to OFF
20:43:06,497 |-INFO in ch.qos.logback.classic.jul.LevelChangePropagator@4fafd27e - Propagating OFF level on Logger[org.hibernate.ejb.HibernatePersistence] onto the JUL framework
20:43:06,497 |-INFO in ch.qos.logback.classic.jul.LevelChangePropagator@5f166f2e - Propagating OFF level on Logger[org.hibernate.ejb.HibernatePersistence] onto the JUL framework
20:43:06,497 |-INFO in ch.qos.logback.classic.model.processor.LoggerModelHandler - Setting level of logger [org.springframework] to WARN
20:43:06,497 |-INFO in ch.qos.logback.classic.jul.LevelChangePropagator@4fafd27e - Propagating WARN level on Logger[org.springframework] onto the JUL framework
20:43:06,497 |-INFO in ch.qos.logback.classic.jul.LevelChangePropagator@5f166f2e - Propagating WARN level on Logger[org.springframework] onto the JUL framework
20:43:06,497 |-INFO in ch.qos.logback.classic.model.processor.LoggerModelHandler - Setting level of logger [org.springframework.web] to WARN
20:43:06,497 |-INFO in ch.qos.logback.classic.jul.LevelChangePropagator@4fafd27e - Propagating WARN level on Logger[org.springframework.web] onto the JUL framework
20:43:06,497 |-INFO in ch.qos.logback.classic.jul.LevelChangePropagator@5f166f2e - Propagating WARN level on Logger[org.springframework.web] onto the JUL framework
20:43:06,497 |-INFO in ch.qos.logback.classic.model.processor.LoggerModelHandler - Setting level of logger [org.springframework.security] to WARN
20:43:06,497 |-INFO in ch.qos.logback.classic.jul.LevelChangePropagator@4fafd27e - Propagating WARN level on Logger[org.springframework.security] onto the JUL framework
20:43:06,497 |-INFO in ch.qos.logback.classic.jul.LevelChangePropagator@5f166f2e - Propagating WARN level on Logger[org.springframework.security] onto the JUL framework
20:43:06,497 |-INFO in ch.qos.logback.classic.model.processor.LoggerModelHandler - Setting level of logger [org.springframework.cache] to WARN
20:43:06,497 |-INFO in ch.qos.logback.classic.jul.LevelChangePropagator@4fafd27e - Propagating WARN level on Logger[org.springframework.cache] onto the JUL framework
20:43:06,497 |-INFO in ch.qos.logback.classic.jul.LevelChangePropagator@5f166f2e - Propagating WARN level on Logger[org.springframework.cache] onto the JUL framework
20:43:06,497 |-INFO in ch.qos.logback.classic.model.processor.LoggerModelHandler - Setting level of logger [org.thymeleaf] to WARN
20:43:06,497 |-INFO in ch.qos.logback.classic.jul.LevelChangePropagator@4fafd27e - Propagating WARN level on Logger[org.thymeleaf] onto the JUL framework
20:43:06,497 |-INFO in ch.qos.logback.classic.jul.LevelChangePropagator@5f166f2e - Propagating WARN level on Logger[org.thymeleaf] onto the JUL framework
20:43:06,497 |-INFO in ch.qos.logback.classic.model.processor.LoggerModelHandler - Setting level of logger [org.xnio] to WARN
20:43:06,497 |-INFO in ch.qos.logback.classic.jul.LevelChangePropagator@4fafd27e - Propagating WARN level on Logger[org.xnio] onto the JUL framework
20:43:06,497 |-INFO in ch.qos.logback.classic.jul.LevelChangePropagator@5f166f2e - Propagating WARN level on Logger[org.xnio] onto the JUL framework
20:43:06,497 |-INFO in ch.qos.logback.classic.model.processor.LoggerModelHandler - Setting level of logger [com.mangofactory.swagger] to WARN
20:43:06,497 |-INFO in ch.qos.logback.classic.jul.LevelChangePropagator@4fafd27e - Propagating WARN level on Logger[com.mangofactory.swagger] onto the JUL framework
20:43:06,497 |-INFO in ch.qos.logback.classic.jul.LevelChangePropagator@5f166f2e - Propagating WARN level on Logger[com.mangofactory.swagger] onto the JUL framework
20:43:06,497 |-INFO in ch.qos.logback.classic.model.processor.LoggerModelHandler - Setting level of logger [com.wordnik.swagger] to WARN
20:43:06,497 |-INFO in ch.qos.logback.classic.jul.LevelChangePropagator@4fafd27e - Propagating WARN level on Logger[com.wordnik.swagger] onto the JUL framework
20:43:06,497 |-INFO in ch.qos.logback.classic.jul.LevelChangePropagator@5f166f2e - Propagating WARN level on Logger[com.wordnik.swagger] onto the JUL framework
20:43:06,497 |-INFO in ch.qos.logback.classic.model.processor.LoggerModelHandler - Setting level of logger [liquibase] to WARN
20:43:06,497 |-INFO in ch.qos.logback.classic.jul.LevelChangePropagator@4fafd27e - Propagating WARN level on Logger[liquibase] onto the JUL framework
20:43:06,497 |-INFO in ch.qos.logback.classic.jul.LevelChangePropagator@5f166f2e - Propagating WARN level on Logger[liquibase] onto the JUL framework
20:43:06,497 |-INFO in ch.qos.logback.classic.model.processor.LoggerModelHandler - Setting level of logger [sun.rmi.transport] to WARN
20:43:06,497 |-INFO in ch.qos.logback.classic.jul.LevelChangePropagator@4fafd27e - Propagating WARN level on Logger[sun.rmi.transport] onto the JUL framework
20:43:06,497 |-INFO in ch.qos.logback.classic.jul.LevelChangePropagator@5f166f2e - Propagating WARN level on Logger[sun.rmi.transport] onto the JUL framework
20:43:06,497 |-INFO in ch.qos.logback.classic.model.processor.RootLoggerModelHandler - Setting level of ROOT logger to DEBUG
20:43:06,497 |-INFO in ch.qos.logback.core.model.processor.AppenderRefModelHandler - Attaching appender named [FILE] to Logger[ROOT]
20:43:06,497 |-INFO in ch.qos.logback.core.model.processor.DefaultProcessor@6cd66f6a - End of configuration.
20:43:06,497 |-INFO in org.springframework.boot.logging.logback.SpringBootJoranConfigurator@d512c1 - Registering current configuration as safe fallback point

       _                _ _        _            _
    ___| |__   ___ _ __ (_) | ___  | |_ ___  ___| |_
   / __| '_ \ / _ \ '_ \| | |/ _ \ | __/ _ \/ __| __|
  | (__| | | |  __/ | | | | |  __/ | ||  __/\__ \ |_
   \___|_| |_|\___|_| |_|_|_|\___|  \__\___||___/\__|
Standard Commons Logging discovery in action with spring-jcl: please remove commons-logging.jar from classpath in order to avoid potential conflicts

MockHttpServletRequest:
      HTTP Method = POST
      Request URI = /bus
       Parameters = {}
          Headers = [Content-Type:"application/json;charset=UTF-8", Accept:"application/json", Authorization:"Bearer eyJhbGciOiJSUzI1NiIsInR5cCIgOiAiSldUIiwia2lkIiA6ICI2SVNmUTdSNFVvSUgtZGZtT3VmbnRnakJISWZWdmdRcVh0Y0htOWIxX0RvIn0.eyJleHAiOjE3MzMyODA1MDMsImlhdCI6MTczMzI4MDIwMywianRpIjoiMDFjZjQ3YjAtZmM4MC00ZDJlLWE2MzQtY2U2Y2QwMWRmZjg1IiwiaXNzIjoiaHR0cDovL2xvY2FsaG9zdDo2NDA3NS9yZWFsbXMvdGVuYW50MCIsInR5cCI6IkJlYXJlciIsImF6cCI6ImF1dGh6LXNlcnZsZXQiLCJzaWQiOiJlYjU1MTQ3ZC0xMTdlLTRmYjYtOTc5MC05OWVkNTNmNDBiMmIiLCJzY29wZSI6InRlc3Qubm9ybWFsIHRlc3QucHJlbWl1bSJ9.to5XuJX5nA9ya1_BQNgHB4WjYynk6QK0Gnvlf5A5csEDnlYQH8l46hgqpeJ4iAG5pjSZaHWMsb5RH6XZQy_Kz_dS5e0ifSoVmrCjfwifVkrwr0--AEpR_4Y7h93jRefPl19viSehuuQQwyzE3CgsS6I7vCK2sgGlpw9QblJgB_iJyoyixGsk0qUS8xLMezQKyjBNIlZ8a_VP_4dtemxcyuyS0Y8HRv4rwkL8quzchUTR7kFb_UffVrpfmPpweP2iMGupN5SYs0gOyksiZzXUmPZmcvRQhfE4j08eM4PmoSsPxu9UTphC84r8CW7kspk-Am3vj4iBoWLR7MWjPCOqGw", x-chenile-tenant-id:"tenant0", Content-Length:"55"]
             Body = {
 "openedBy": "USER1",
 "description": "Description"
}
    Session Attrs = {}

Handler:
             Type = com.bgbus.tracker.bus.configuration.controller.BusController
           Method = com.bgbus.tracker.bus.configuration.controller.BusController#create(HttpServletRequest, Bus)

Async:
    Async started = false
     Async result = null

Resolved Exception:
             Type = null

ModelAndView:
        View name = null
             View = null
            Model = null

FlashMap:
       Attributes = null

MockHttpServletResponse:
           Status = 200
    Error message = null
          Headers = [Vary:"Origin", "Access-Control-Request-Method", "Access-Control-Request-Headers", Content-Type:"application/json", X-Content-Type-Options:"nosniff", X-XSS-Protection:"0", Cache-Control:"no-cache, no-store, max-age=0, must-revalidate", Pragma:"no-cache", Expires:"0", X-Frame-Options:"DENY"]
     Content type = application/json
             Body = {"success":true,"errors":null,"description":null,"code":"200","severity":null,"subErrorCode":"0","payload":{"mutatedEntity":{"id":"Bus-437b3271-8fee-4d1a-a849-e256a375aeeb-0001","createdTime":1733280203388,"lastModifiedTime":1733280203388,"lastModifiedBy":null,"tenant":"tenant0","createdBy":null,"version":0,"stateEntryTime":1733280203370,"slaRedDate":null,"slaTendingLate":0,"slaLate":0,"assignee":null,"assignComment":null,"closeComment":null,"resolveComment":null,"description":"Description","openedBy":"USER1","currentState":{"stateId":"OPENED","flowId":"test-flow"}},"allowedActionsAndMetadata":[{"bodyType":"com.bgbus.tracker.bus.model.AssignBusPayload","acls":"test.premium","allowedAction":"assign"}]}}
    Forwarded URL = null
   Redirected URL = null
          Cookies = []
]]></system-out>
  </testcase>
  <testcase name="Retrieve the bus that just got created" classname="Feature: Tests the Chenile Workflow Service using a REST client. Bus service exists and is under test." time="0.091">
    <system-out><![CDATA[
MockHttpServletRequest:
      HTTP Method = GET
      Request URI = /bus/Bus-437b3271-8fee-4d1a-a849-e256a375aeeb-0001
       Parameters = {}
          Headers = [Content-Type:"application/json;charset=UTF-8", Accept:"application/json", Authorization:"Bearer eyJhbGciOiJSUzI1NiIsInR5cCIgOiAiSldUIiwia2lkIiA6ICI2SVNmUTdSNFVvSUgtZGZtT3VmbnRnakJISWZWdmdRcVh0Y0htOWIxX0RvIn0.eyJleHAiOjE3MzMyODA1MDMsImlhdCI6MTczMzI4MDIwMywianRpIjoiMTdmYmYzNWYtODkyMC00ZWYxLThiOGUtZWQ3NWE1OGI2ZWQyIiwiaXNzIjoiaHR0cDovL2xvY2FsaG9zdDo2NDA3NS9yZWFsbXMvdGVuYW50MCIsInR5cCI6IkJlYXJlciIsImF6cCI6ImF1dGh6LXNlcnZsZXQiLCJzaWQiOiI3Y2ZkNGEwNi1hMDliLTQ3OWEtYTJkZS0zNDY4NzhiZmI5OTgiLCJzY29wZSI6InRlc3Qubm9ybWFsIHRlc3QucHJlbWl1bSJ9.fySdRXuw9rkfz8As-v1xmGl06LUsbAsGmaUZbyk2jAqsoUJtVOnLtIUZ5Cx2wS33q_xsZi8CFLi2TXTkZIFWptm30QaQIx33uiBpXL6oVr6ew8R7T3tNC_AWfSCnbdWWFaBN1f0ivVd_r9I785zCn9IQR4QxxjmbHyX4x-ChK1DXotRPQfOUWwLKGDC5r8Y5frjO7xqA5QowpmqfHm5zDgXABCsDIi-qNUlW0w55OeJEzYAtr4Ye8YqwY-_IdJvJtjzg15Q-voqB-vGPnVpekb2AmSzkXTLKvGFnyYYMwFnIhv8DPFDB7NILaTKbIK1cY9XeFtdFSZ_5FuZd1gY5xQ", x-chenile-tenant-id:"tenant0"]
             Body = null
    Session Attrs = {}

Handler:
             Type = com.bgbus.tracker.bus.configuration.controller.BusController
           Method = com.bgbus.tracker.bus.configuration.controller.BusController#retrieve(HttpServletRequest, String)

Async:
    Async started = false
     Async result = null

Resolved Exception:
             Type = null

ModelAndView:
        View name = null
             View = null
            Model = null

FlashMap:
       Attributes = null

MockHttpServletResponse:
           Status = 200
    Error message = null
          Headers = [Vary:"Origin", "Access-Control-Request-Method", "Access-Control-Request-Headers", Content-Type:"application/json", X-Content-Type-Options:"nosniff", X-XSS-Protection:"0", Cache-Control:"no-cache, no-store, max-age=0, must-revalidate", Pragma:"no-cache", Expires:"0", X-Frame-Options:"DENY"]
     Content type = application/json
             Body = {"success":true,"errors":null,"description":null,"code":"200","severity":null,"subErrorCode":"0","payload":{"mutatedEntity":{"id":"Bus-437b3271-8fee-4d1a-a849-e256a375aeeb-0001","createdTime":1733280203388,"lastModifiedTime":1733280203388,"lastModifiedBy":null,"tenant":"tenant0","createdBy":null,"version":0,"stateEntryTime":1733280203370,"slaRedDate":null,"slaTendingLate":0,"slaLate":0,"assignee":null,"assignComment":null,"closeComment":null,"resolveComment":null,"description":"Description","openedBy":"USER1","currentState":{"stateId":"OPENED","flowId":"test-flow"}},"allowedActionsAndMetadata":[{"bodyType":"com.bgbus.tracker.bus.model.AssignBusPayload","acls":"test.premium","allowedAction":"assign"}]}}
    Forwarded URL = null
   Redirected URL = null
          Cookies = []
]]></system-out>
  </testcase>
  <testcase name="Assign the bus to an assignee with comments" classname="Feature: Tests the Chenile Workflow Service using a REST client. Bus service exists and is under test." time="0.0">
    <skipped type="cucumber.runtime.junit.UndefinedThrowable"><![CDATA[cucumber.runtime.junit.UndefinedThrowable: The step "I PATCH a REST request to URL "/bus/${id}/assign" with payload" is undefined
]]></skipped>
  </testcase>
  <testcase name="Resolve the bus with comments" classname="Feature: Tests the Chenile Workflow Service using a REST client. Bus service exists and is under test." time="0.0">
    <skipped type="cucumber.runtime.junit.UndefinedThrowable"><![CDATA[cucumber.runtime.junit.UndefinedThrowable: The step "I PATCH a REST request to URL "/bus/${id}/resolve" with payload" is undefined
]]></skipped>
  </testcase>
  <testcase name="Close the bus with comments" classname="Feature: Tests the Chenile Workflow Service using a REST client. Bus service exists and is under test." time="0.0">
    <skipped type="cucumber.runtime.junit.UndefinedThrowable"><![CDATA[cucumber.runtime.junit.UndefinedThrowable: The step "I PATCH a REST request to URL "/bus/${id}/close" with payload" is undefined
]]></skipped>
  </testcase>
  <testcase name="Assign a closed bus to someone. This will err out." classname="Feature: Tests the Chenile Workflow Service using a REST client. Bus service exists and is under test." time="0.0">
    <skipped type="cucumber.runtime.junit.UndefinedThrowable"><![CDATA[cucumber.runtime.junit.UndefinedThrowable: The step "I PATCH a REST request to URL "/bus/${id}/assign" with payload" is undefined
]]></skipped>
  </testcase>
</testsuite>