<?xml version="1.0" encoding="UTF-8"?>
<testsuite xmlns:xsi="http://www.w3.org/2001/XMLSchema-instance" xsi:noNamespaceSchemaLocation="https://maven.apache.org/surefire/maven-surefire-plugin/xsd/surefire-test-report-3.0.xsd" version="3.0" name="com.bgbus.tracker.userservice.bdd.CukesRestTest" time="3.915" tests="6" errors="2" skipped="0" failures="4">
  <properties>
[...]
</properties>
  <testcase name="Test create userservice" classname="Feature: Tests the Chenile Workflow Service using a REST client. Userservice service exists and is under test." time="0.261">
    <error type="java.lang.ExceptionInInitializerError"><![CDATA[java.lang.ExceptionInInitializerError
	at org.chenile.cucumber.security.rest.RestCukesSecSteps.before(RestCukesSecSteps.java:34)
	at java.base/java.lang.reflect.Method.invoke(Method.java:580)
	at cucumber.runtime.Utils$1.call(Utils.java:26)
	at cucumber.runtime.Timeout.timeout(Timeout.java:16)
	at cucumber.runtime.Utils.invoke(Utils.java:20)
	at cucumber.runtime.java.JavaHookDefinition.execute(JavaHookDefinition.java:60)
	at cucumber.runner.HookDefinitionMatch.runStep(HookDefinitionMatch.java:16)
	at cucumber.runner.TestStep.executeStep(TestStep.java:65)
	at cucumber.runner.TestStep.run(TestStep.java:50)
	at cucumber.runner.TestCase.run(TestCase.java:42)
	at cucumber.runner.Runner.runPickle(Runner.java:49)
	at cucumber.runtime.junit.PickleRunners$NoStepDescriptions.run(PickleRunners.java:146)
	at cucumber.runtime.junit.FeatureRunner.runChild(FeatureRunner.java:68)
	at cucumber.runtime.junit.FeatureRunner.runChild(FeatureRunner.java:23)
	at cucumber.runtime.junit.FeatureRunner.run(FeatureRunner.java:73)
	at cucumber.api.junit.Cucumber.runChild(Cucumber.java:123)
	at cucumber.api.junit.Cucumber.runChild(Cucumber.java:65)
	at cucumber.api.junit.Cucumber$RunCucumber.evaluate(Cucumber.java:147)
Caused by: org.testcontainers.containers.ContainerFetchException: Can't get Docker image: RemoteDockerImage(imageName=quay.io/keycloak/keycloak:25.0, imagePullPolicy=DefaultPullPolicy(), imageNameSubstitutor=org.testcontainers.utility.ImageNameSubstitutor$LogWrappedImageNameSubstitutor@7d3879ed)
	at org.testcontainers.containers.GenericContainer.getDockerImageName(GenericContainer.java:1364)
	at org.testcontainers.containers.GenericContainer.logger(GenericContainer.java:671)
	at dasniko.testcontainers.keycloak.ExtendableKeycloakContainer.<init>(ExtendableKeycloakContainer.java:138)
	at dasniko.testcontainers.keycloak.ExtendableKeycloakContainer.<init>(ExtendableKeycloakContainer.java:126)
	at dasniko.testcontainers.keycloak.KeycloakContainer.<init>(KeycloakContainer.java:24)
	at org.chenile.security.test.BaseSecurityTest.<clinit>(BaseSecurityTest.java:51)
	... 18 more
Caused by: java.lang.IllegalStateException: Could not find a valid Docker environment. Please see logs and check configuration
	at org.testcontainers.dockerclient.DockerClientProviderStrategy.lambda$getFirstValidStrategy$7(DockerClientProviderStrategy.java:277)
	at java.base/java.util.Optional.orElseThrow(Optional.java:403)
	at org.testcontainers.dockerclient.DockerClientProviderStrategy.getFirstValidStrategy(DockerClientProviderStrategy.java:268)
	at org.testcontainers.DockerClientFactory.getOrInitializeStrategy(DockerClientFactory.java:152)
	at org.testcontainers.DockerClientFactory.client(DockerClientFactory.java:194)
	at org.testcontainers.images.LocalImagesCache.get(LocalImagesCache.java:31)
	at org.testcontainers.images.AbstractImagePullPolicy.shouldPull(AbstractImagePullPolicy.java:18)
	at org.testcontainers.images.RemoteDockerImage.resolve(RemoteDockerImage.java:70)
	at org.testcontainers.images.RemoteDockerImage.resolve(RemoteDockerImage.java:28)
	at org.testcontainers.utility.LazyFuture.getResolvedValue(LazyFuture.java:20)
	at org.testcontainers.utility.LazyFuture.get(LazyFuture.java:41)
	at org.testcontainers.containers.GenericContainer.getDockerImageName(GenericContainer.java:1362)
	... 23 more
]]></error>
    <system-out><![CDATA[Standard Commons Logging discovery in action with spring-jcl: please remove commons-logging.jar from classpath in order to avoid potential conflicts
20:05:49,266 |-INFO in ch.qos.logback.classic.LoggerContext[default] - This is logback-classic version 1.4.14
20:05:49,268 |-INFO in ch.qos.logback.classic.util.ContextInitializer@6bfaa0a6 - Here is a list of configurators discovered as a service, by rank: 
20:05:49,268 |-INFO in ch.qos.logback.classic.util.ContextInitializer@6bfaa0a6 -   org.springframework.boot.logging.logback.RootLogLevelConfigurator
20:05:49,268 |-INFO in ch.qos.logback.classic.util.ContextInitializer@6bfaa0a6 - They will be invoked in order until ExecutionStatus.DO_NOT_INVOKE_NEXT_IF_ANY is returned.
20:05:49,268 |-INFO in ch.qos.logback.classic.util.ContextInitializer@6bfaa0a6 - Constructed configurator of type class org.springframework.boot.logging.logback.RootLogLevelConfigurator
20:05:49,270 |-INFO in ch.qos.logback.classic.util.ContextInitializer@6bfaa0a6 - org.springframework.boot.logging.logback.RootLogLevelConfigurator.configure() call lasted 0 milliseconds. ExecutionStatus=INVOKE_NEXT_IF_ANY
20:05:49,271 |-INFO in ch.qos.logback.classic.util.ContextInitializer@6bfaa0a6 - Trying to configure with ch.qos.logback.classic.joran.SerializedModelConfigurator
20:05:49,271 |-INFO in ch.qos.logback.classic.util.ContextInitializer@6bfaa0a6 - Constructed configurator of type class ch.qos.logback.classic.joran.SerializedModelConfigurator
20:05:49,272 |-INFO in ch.qos.logback.classic.LoggerContext[default] - Could NOT find resource [logback-test.scmo]
20:05:49,272 |-INFO in ch.qos.logback.classic.LoggerContext[default] - Could NOT find resource [logback.scmo]
20:05:49,272 |-INFO in ch.qos.logback.classic.util.ContextInitializer@6bfaa0a6 - ch.qos.logback.classic.joran.SerializedModelConfigurator.configure() call lasted 1 milliseconds. ExecutionStatus=INVOKE_NEXT_IF_ANY
20:05:49,272 |-INFO in ch.qos.logback.classic.util.ContextInitializer@6bfaa0a6 - Trying to configure with ch.qos.logback.classic.util.DefaultJoranConfigurator
20:05:49,273 |-INFO in ch.qos.logback.classic.util.ContextInitializer@6bfaa0a6 - Constructed configurator of type class ch.qos.logback.classic.util.DefaultJoranConfigurator
20:05:49,273 |-INFO in ch.qos.logback.classic.LoggerContext[default] - Could NOT find resource [logback-test.xml]
20:05:49,274 |-INFO in ch.qos.logback.classic.LoggerContext[default] - Found resource [logback.xml] at [jar:file:/Users/premkumar/.m2/repository/org/chenile/stm/1.3.6/stm-1.3.6.jar!/logback.xml]
20:05:49,279 |-INFO in ch.qos.logback.core.joran.spi.ConfigurationWatchList@76e9f00b - URL [jar:file:/Users/premkumar/.m2/repository/org/chenile/stm/1.3.6/stm-1.3.6.jar!/logback.xml] is not of type file
20:05:49,330 |-INFO in ch.qos.logback.classic.model.processor.ConfigurationModelHandlerFull - Registering a new ReconfigureOnChangeTask ReconfigureOnChangeTask(born:1733277949329)
20:05:49,330 |-INFO in ch.qos.logback.classic.model.processor.ConfigurationModelHandlerFull - No 'scanPeriod' specified. Defaulting to 1 minutes
20:05:49,330 |-INFO in ch.qos.logback.classic.model.processor.ConfigurationModelHandlerFull - Will scan for changes in [jar:file:/Users/premkumar/.m2/repository/org/chenile/stm/1.3.6/stm-1.3.6.jar!/logback.xml] 
20:05:49,330 |-INFO in ch.qos.logback.classic.model.processor.ConfigurationModelHandlerFull - Setting ReconfigureOnChangeTask scanning period to 1 minutes
20:05:49,334 |-INFO in ch.qos.logback.classic.model.processor.LoggerContextListenerModelHandler - Adding LoggerContextListener of type [ch.qos.logback.classic.jul.LevelChangePropagator] to the object stack
20:05:49,338 |-INFO in ch.qos.logback.classic.jul.LevelChangePropagator@314b9e4b - Setting level of jul logger [org.junit] to null
20:05:49,339 |-INFO in ch.qos.logback.classic.jul.LevelChangePropagator@314b9e4b - Propagating INFO level on Logger[ROOT] onto the JUL framework
20:05:49,339 |-INFO in ch.qos.logback.classic.model.processor.LoggerContextListenerModelHandler - Starting LoggerContextListener
20:05:49,339 |-WARN in ch.qos.logback.core.model.processor.AppenderModelHandler - Appender named [CONSOLE] not referenced. Skipping further processing.
20:05:49,339 |-INFO in ch.qos.logback.core.model.processor.AppenderModelHandler - Processing appender named [FILE]
20:05:49,339 |-INFO in ch.qos.logback.core.model.processor.AppenderModelHandler - About to instantiate appender of type [ch.qos.logback.core.rolling.RollingFileAppender]
20:05:49,358 |-INFO in c.q.l.core.rolling.TimeBasedRollingPolicy@1864074564 - No compression will be used
20:05:49,359 |-INFO in c.q.l.core.rolling.TimeBasedRollingPolicy@1864074564 - Will use the pattern log/logFile.%d{yyyy-MM-dd}.log for the active file
20:05:49,368 |-INFO in c.q.l.core.rolling.DefaultTimeBasedFileNamingAndTriggeringPolicy - The date pattern is 'yyyy-MM-dd' from file name pattern 'log/logFile.%d{yyyy-MM-dd}.log'.
20:05:49,368 |-INFO in c.q.l.core.rolling.DefaultTimeBasedFileNamingAndTriggeringPolicy - Roll-over at midnight.
20:05:49,369 |-INFO in c.q.l.core.rolling.DefaultTimeBasedFileNamingAndTriggeringPolicy - Setting initial period to 2024-12-04T02:05:49.369Z
20:05:49,370 |-INFO in ch.qos.logback.core.model.processor.ImplicitModelHandler - Assuming default type [ch.qos.logback.classic.encoder.PatternLayoutEncoder] for [encoder] property
20:05:49,380 |-INFO in ch.qos.logback.core.rolling.RollingFileAppender[FILE] - Active log file name: log/logFile.2024-12-03.log
20:05:49,380 |-INFO in ch.qos.logback.core.rolling.RollingFileAppender[FILE] - File property is set to [null]
20:05:49,380 |-WARN in ch.qos.logback.core.model.processor.AppenderModelHandler - Appender named [ASYNC] not referenced. Skipping further processing.
20:05:49,381 |-INFO in ch.qos.logback.classic.model.processor.LoggerModelHandler - Setting level of logger [com.ebee.bhive] to DEBUG
20:05:49,381 |-INFO in ch.qos.logback.classic.jul.LevelChangePropagator@314b9e4b - Propagating DEBUG level on Logger[com.ebee.bhive] onto the JUL framework
20:05:49,381 |-INFO in ch.qos.logback.classic.model.processor.LoggerModelHandler - Setting level of logger [javax.activation] to WARN
20:05:49,381 |-INFO in ch.qos.logback.classic.jul.LevelChangePropagator@314b9e4b - Propagating WARN level on Logger[javax.activation] onto the JUL framework
20:05:49,381 |-INFO in ch.qos.logback.classic.model.processor.LoggerModelHandler - Setting level of logger [javax.mail] to WARN
20:05:49,381 |-INFO in ch.qos.logback.classic.jul.LevelChangePropagator@314b9e4b - Propagating WARN level on Logger[javax.mail] onto the JUL framework
20:05:49,381 |-INFO in ch.qos.logback.classic.model.processor.LoggerModelHandler - Setting level of logger [javax.xml.bind] to WARN
20:05:49,381 |-INFO in ch.qos.logback.classic.jul.LevelChangePropagator@314b9e4b - Propagating WARN level on Logger[javax.xml.bind] onto the JUL framework
20:05:49,381 |-INFO in ch.qos.logback.classic.model.processor.LoggerModelHandler - Setting level of logger [ch.qos.logback] to WARN
20:05:49,381 |-INFO in ch.qos.logback.classic.jul.LevelChangePropagator@314b9e4b - Propagating WARN level on Logger[ch.qos.logback] onto the JUL framework
20:05:49,381 |-INFO in ch.qos.logback.classic.model.processor.LoggerModelHandler - Setting level of logger [com.codahale.metrics] to WARN
20:05:49,381 |-INFO in ch.qos.logback.classic.jul.LevelChangePropagator@314b9e4b - Propagating WARN level on Logger[com.codahale.metrics] onto the JUL framework
20:05:49,381 |-INFO in ch.qos.logback.classic.model.processor.LoggerModelHandler - Setting level of logger [com.ryantenney] to WARN
20:05:49,381 |-INFO in ch.qos.logback.classic.jul.LevelChangePropagator@314b9e4b - Propagating WARN level on Logger[com.ryantenney] onto the JUL framework
20:05:49,381 |-INFO in ch.qos.logback.classic.model.processor.LoggerModelHandler - Setting level of logger [com.sun.xml.internal.bind] to WARN
20:05:49,381 |-INFO in ch.qos.logback.classic.jul.LevelChangePropagator@314b9e4b - Propagating WARN level on Logger[com.sun.xml.internal.bind] onto the JUL framework
20:05:49,381 |-INFO in ch.qos.logback.classic.model.processor.LoggerModelHandler - Setting level of logger [com.zaxxer] to WARN
20:05:49,381 |-INFO in ch.qos.logback.classic.jul.LevelChangePropagator@314b9e4b - Propagating WARN level on Logger[com.zaxxer] onto the JUL framework
20:05:49,381 |-INFO in ch.qos.logback.classic.model.processor.LoggerModelHandler - Setting level of logger [io.undertow] to WARN
20:05:49,381 |-INFO in ch.qos.logback.classic.jul.LevelChangePropagator@314b9e4b - Propagating WARN level on Logger[io.undertow] onto the JUL framework
20:05:49,381 |-INFO in ch.qos.logback.classic.model.processor.LoggerModelHandler - Setting level of logger [net.sf.ehcache] to WARN
20:05:49,381 |-INFO in ch.qos.logback.classic.jul.LevelChangePropagator@314b9e4b - Propagating WARN level on Logger[net.sf.ehcache] onto the JUL framework
20:05:49,381 |-INFO in ch.qos.logback.classic.model.processor.LoggerModelHandler - Setting level of logger [org.apache] to WARN
20:05:49,381 |-INFO in ch.qos.logback.classic.jul.LevelChangePropagator@314b9e4b - Propagating WARN level on Logger[org.apache] onto the JUL framework
20:05:49,381 |-INFO in ch.qos.logback.classic.model.processor.LoggerModelHandler - Setting level of logger [org.apache.catalina.startup.DigesterFactory] to OFF
20:05:49,381 |-INFO in ch.qos.logback.classic.jul.LevelChangePropagator@314b9e4b - Propagating OFF level on Logger[org.apache.catalina.startup.DigesterFactory] onto the JUL framework
20:05:49,381 |-INFO in ch.qos.logback.classic.model.processor.LoggerModelHandler - Setting level of logger [org.bson] to WARN
20:05:49,381 |-INFO in ch.qos.logback.classic.jul.LevelChangePropagator@314b9e4b - Propagating WARN level on Logger[org.bson] onto the JUL framework
20:05:49,381 |-INFO in ch.qos.logback.classic.model.processor.LoggerModelHandler - Setting level of logger [org.hibernate.validator] to WARN
20:05:49,381 |-INFO in ch.qos.logback.classic.jul.LevelChangePropagator@314b9e4b - Propagating WARN level on Logger[org.hibernate.validator] onto the JUL framework
20:05:49,381 |-INFO in ch.qos.logback.classic.model.processor.LoggerModelHandler - Setting level of logger [org.hibernate] to WARN
20:05:49,381 |-INFO in ch.qos.logback.classic.jul.LevelChangePropagator@314b9e4b - Propagating WARN level on Logger[org.hibernate] onto the JUL framework
20:05:49,381 |-INFO in ch.qos.logback.classic.model.processor.LoggerModelHandler - Setting level of logger [org.hibernate.ejb.HibernatePersistence] to OFF
20:05:49,381 |-INFO in ch.qos.logback.classic.jul.LevelChangePropagator@314b9e4b - Propagating OFF level on Logger[org.hibernate.ejb.HibernatePersistence] onto the JUL framework
20:05:49,382 |-INFO in ch.qos.logback.classic.model.processor.LoggerModelHandler - Setting level of logger [org.springframework] to WARN
20:05:49,382 |-INFO in ch.qos.logback.classic.jul.LevelChangePropagator@314b9e4b - Propagating WARN level on Logger[org.springframework] onto the JUL framework
20:05:49,382 |-INFO in ch.qos.logback.classic.model.processor.LoggerModelHandler - Setting level of logger [org.springframework.web] to WARN
20:05:49,382 |-INFO in ch.qos.logback.classic.jul.LevelChangePropagator@314b9e4b - Propagating WARN level on Logger[org.springframework.web] onto the JUL framework
20:05:49,382 |-INFO in ch.qos.logback.classic.model.processor.LoggerModelHandler - Setting level of logger [org.springframework.security] to WARN
20:05:49,382 |-INFO in ch.qos.logback.classic.jul.LevelChangePropagator@314b9e4b - Propagating WARN level on Logger[org.springframework.security] onto the JUL framework
20:05:49,382 |-INFO in ch.qos.logback.classic.model.processor.LoggerModelHandler - Setting level of logger [org.springframework.cache] to WARN
20:05:49,382 |-INFO in ch.qos.logback.classic.jul.LevelChangePropagator@314b9e4b - Propagating WARN level on Logger[org.springframework.cache] onto the JUL framework
20:05:49,382 |-INFO in ch.qos.logback.classic.model.processor.LoggerModelHandler - Setting level of logger [org.thymeleaf] to WARN
20:05:49,382 |-INFO in ch.qos.logback.classic.jul.LevelChangePropagator@314b9e4b - Propagating WARN level on Logger[org.thymeleaf] onto the JUL framework
20:05:49,382 |-INFO in ch.qos.logback.classic.model.processor.LoggerModelHandler - Setting level of logger [org.xnio] to WARN
20:05:49,382 |-INFO in ch.qos.logback.classic.jul.LevelChangePropagator@314b9e4b - Propagating WARN level on Logger[org.xnio] onto the JUL framework
20:05:49,382 |-INFO in ch.qos.logback.classic.model.processor.LoggerModelHandler - Setting level of logger [com.mangofactory.swagger] to WARN
20:05:49,382 |-INFO in ch.qos.logback.classic.jul.LevelChangePropagator@314b9e4b - Propagating WARN level on Logger[com.mangofactory.swagger] onto the JUL framework
20:05:49,382 |-INFO in ch.qos.logback.classic.model.processor.LoggerModelHandler - Setting level of logger [com.wordnik.swagger] to WARN
20:05:49,382 |-INFO in ch.qos.logback.classic.jul.LevelChangePropagator@314b9e4b - Propagating WARN level on Logger[com.wordnik.swagger] onto the JUL framework
20:05:49,382 |-INFO in ch.qos.logback.classic.model.processor.LoggerModelHandler - Setting level of logger [liquibase] to WARN
20:05:49,382 |-INFO in ch.qos.logback.classic.jul.LevelChangePropagator@314b9e4b - Propagating WARN level on Logger[liquibase] onto the JUL framework
20:05:49,382 |-INFO in ch.qos.logback.classic.model.processor.LoggerModelHandler - Setting level of logger [sun.rmi.transport] to WARN
20:05:49,382 |-INFO in ch.qos.logback.classic.jul.LevelChangePropagator@314b9e4b - Propagating WARN level on Logger[sun.rmi.transport] onto the JUL framework
20:05:49,382 |-INFO in ch.qos.logback.classic.model.processor.RootLoggerModelHandler - Setting level of ROOT logger to DEBUG
20:05:49,382 |-INFO in ch.qos.logback.classic.jul.LevelChangePropagator@314b9e4b - Propagating DEBUG level on Logger[ROOT] onto the JUL framework
20:05:49,382 |-INFO in ch.qos.logback.core.model.processor.AppenderRefModelHandler - Attaching appender named [FILE] to Logger[ROOT]
20:05:49,382 |-INFO in ch.qos.logback.core.model.processor.DefaultProcessor@51dae791 - End of configuration.
20:05:49,383 |-INFO in ch.qos.logback.classic.joran.JoranConfigurator@688a2c09 - Registering current configuration as safe fallback point
20:05:49,383 |-INFO in ch.qos.logback.classic.util.ContextInitializer@6bfaa0a6 - ch.qos.logback.classic.util.DefaultJoranConfigurator.configure() call lasted 110 milliseconds. ExecutionStatus=DO_NOT_INVOKE_NEXT_IF_ANY

20:05:49,745 |-INFO in ch.qos.logback.core.joran.spi.ConfigurationWatchList@5f166f2e - URL [jar:file:/Users/premkumar/.m2/repository/org/chenile/stm/1.3.6/stm-1.3.6.jar!/logback.xml] is not of type file
20:05:49,749 |-INFO in ch.qos.logback.classic.model.processor.ConfigurationModelHandlerFull - Registering a new ReconfigureOnChangeTask ReconfigureOnChangeTask(born:1733277949749)
20:05:49,749 |-INFO in ch.qos.logback.classic.model.processor.ConfigurationModelHandlerFull - No 'scanPeriod' specified. Defaulting to 1 minutes
20:05:49,749 |-INFO in ch.qos.logback.classic.model.processor.ConfigurationModelHandlerFull - Will scan for changes in [jar:file:/Users/premkumar/.m2/repository/org/chenile/stm/1.3.6/stm-1.3.6.jar!/logback.xml] 
20:05:49,749 |-INFO in ch.qos.logback.classic.model.processor.ConfigurationModelHandlerFull - Setting ReconfigureOnChangeTask scanning period to 1 minutes
20:05:49,749 |-INFO in ch.qos.logback.classic.model.processor.LoggerContextListenerModelHandler - Adding LoggerContextListener of type [ch.qos.logback.classic.jul.LevelChangePropagator] to the object stack
20:05:49,749 |-INFO in ch.qos.logback.classic.jul.LevelChangePropagator@1ef93e01 - Setting level of jul logger [org.thymeleaf] to null
20:05:49,749 |-INFO in ch.qos.logback.classic.jul.LevelChangePropagator@1ef93e01 - Setting level of jul logger [ch.qos.logback] to null
20:05:49,749 |-INFO in ch.qos.logback.classic.jul.LevelChangePropagator@1ef93e01 - Setting level of jul logger [org.hibernate] to null
20:05:49,749 |-INFO in ch.qos.logback.classic.jul.LevelChangePropagator@1ef93e01 - Setting level of jul logger [liquibase] to null
20:05:49,749 |-INFO in ch.qos.logback.classic.jul.LevelChangePropagator@1ef93e01 - Setting level of jul logger [com.sun.xml.internal.bind] to null
20:05:49,749 |-INFO in ch.qos.logback.classic.jul.LevelChangePropagator@1ef93e01 - Setting level of jul logger [org.hibernate.validator] to null
20:05:49,749 |-INFO in ch.qos.logback.classic.jul.LevelChangePropagator@1ef93e01 - Setting level of jul logger [com.ebee.bhive] to null
20:05:49,749 |-INFO in ch.qos.logback.classic.jul.LevelChangePropagator@1ef93e01 - Setting level of jul logger [org.apache.catalina.startup.DigesterFactory] to null
20:05:49,749 |-INFO in ch.qos.logback.classic.jul.LevelChangePropagator@1ef93e01 - Setting level of jul logger [org.springframework] to null
20:05:49,749 |-INFO in ch.qos.logback.classic.jul.LevelChangePropagator@1ef93e01 - Setting level of jul logger [com.codahale.metrics] to null
20:05:49,749 |-INFO in ch.qos.logback.classic.jul.LevelChangePropagator@1ef93e01 - Setting level of jul logger [org.bson] to null
20:05:49,749 |-INFO in ch.qos.logback.classic.jul.LevelChangePropagator@1ef93e01 - Setting level of jul logger [javax.activation] to null
20:05:49,749 |-INFO in ch.qos.logback.classic.jul.LevelChangePropagator@1ef93e01 - Setting level of jul logger [org.springframework.security] to null
20:05:49,749 |-INFO in ch.qos.logback.classic.jul.LevelChangePropagator@1ef93e01 - Setting level of jul logger [org.springframework.web] to null
20:05:49,749 |-INFO in ch.qos.logback.classic.jul.LevelChangePropagator@1ef93e01 - Setting level of jul logger [net.sf.ehcache] to null
20:05:49,749 |-INFO in ch.qos.logback.classic.jul.LevelChangePropagator@1ef93e01 - Setting level of jul logger [org.hibernate.ejb.HibernatePersistence] to null
20:05:49,749 |-INFO in ch.qos.logback.classic.jul.LevelChangePropagator@1ef93e01 - Setting level of jul logger [org.apache] to null
20:05:49,749 |-INFO in ch.qos.logback.classic.jul.LevelChangePropagator@1ef93e01 - Setting level of jul logger [org.xnio] to null
20:05:49,749 |-INFO in ch.qos.logback.classic.jul.LevelChangePropagator@1ef93e01 - Setting level of jul logger [javax.mail] to null
20:05:49,749 |-INFO in ch.qos.logback.classic.jul.LevelChangePropagator@1ef93e01 - Setting level of jul logger [javax.xml.bind] to null
20:05:49,749 |-INFO in ch.qos.logback.classic.jul.LevelChangePropagator@1ef93e01 - Setting level of jul logger [com.mangofactory.swagger] to null
20:05:49,749 |-INFO in ch.qos.logback.classic.jul.LevelChangePropagator@1ef93e01 - Setting level of jul logger [com.zaxxer] to null
20:05:49,749 |-INFO in ch.qos.logback.classic.jul.LevelChangePropagator@1ef93e01 - Setting level of jul logger [org.springframework.cache] to null
20:05:49,749 |-INFO in ch.qos.logback.classic.jul.LevelChangePropagator@1ef93e01 - Setting level of jul logger [com.ryantenney] to null
20:05:49,749 |-INFO in ch.qos.logback.classic.jul.LevelChangePropagator@1ef93e01 - Setting level of jul logger [com.wordnik.swagger] to null
20:05:49,749 |-INFO in ch.qos.logback.classic.jul.LevelChangePropagator@1ef93e01 - Setting level of jul logger [io.undertow] to null
20:05:49,749 |-INFO in ch.qos.logback.classic.jul.LevelChangePropagator@1ef93e01 - Setting level of jul logger [sun.rmi.transport] to null
20:05:49,750 |-INFO in ch.qos.logback.classic.jul.LevelChangePropagator@1ef93e01 - Propagating DEBUG level on Logger[ROOT] onto the JUL framework
20:05:49,750 |-INFO in ch.qos.logback.classic.model.processor.LoggerContextListenerModelHandler - Starting LoggerContextListener
20:05:49,750 |-WARN in ch.qos.logback.core.model.processor.AppenderModelHandler - Appender named [CONSOLE] not referenced. Skipping further processing.
20:05:49,750 |-INFO in ch.qos.logback.core.model.processor.AppenderModelHandler - Processing appender named [FILE]
20:05:49,750 |-INFO in ch.qos.logback.core.model.processor.AppenderModelHandler - About to instantiate appender of type [ch.qos.logback.core.rolling.RollingFileAppender]
20:05:49,750 |-INFO in c.q.l.core.rolling.TimeBasedRollingPolicy@1336922750 - No compression will be used
20:05:49,750 |-INFO in c.q.l.core.rolling.TimeBasedRollingPolicy@1336922750 - Will use the pattern log/logFile.%d{yyyy-MM-dd}.log for the active file
20:05:49,750 |-INFO in c.q.l.core.rolling.DefaultTimeBasedFileNamingAndTriggeringPolicy - The date pattern is 'yyyy-MM-dd' from file name pattern 'log/logFile.%d{yyyy-MM-dd}.log'.
20:05:49,750 |-INFO in c.q.l.core.rolling.DefaultTimeBasedFileNamingAndTriggeringPolicy - Roll-over at midnight.
20:05:49,750 |-INFO in c.q.l.core.rolling.DefaultTimeBasedFileNamingAndTriggeringPolicy - Setting initial period to 2024-12-04T02:05:49.750Z
20:05:49,751 |-INFO in ch.qos.logback.core.model.processor.ImplicitModelHandler - Assuming default type [ch.qos.logback.classic.encoder.PatternLayoutEncoder] for [encoder] property
20:05:49,751 |-INFO in ch.qos.logback.core.rolling.RollingFileAppender[FILE] - Active log file name: log/logFile.2024-12-03.log
20:05:49,751 |-INFO in ch.qos.logback.core.rolling.RollingFileAppender[FILE] - File property is set to [null]
20:05:49,751 |-WARN in ch.qos.logback.core.model.processor.AppenderModelHandler - Appender named [ASYNC] not referenced. Skipping further processing.
20:05:49,751 |-INFO in ch.qos.logback.classic.model.processor.LoggerModelHandler - Setting level of logger [com.ebee.bhive] to DEBUG
20:05:49,751 |-INFO in ch.qos.logback.classic.jul.LevelChangePropagator@6cd66f6a - Propagating DEBUG level on Logger[com.ebee.bhive] onto the JUL framework
20:05:49,751 |-INFO in ch.qos.logback.classic.jul.LevelChangePropagator@1ef93e01 - Propagating DEBUG level on Logger[com.ebee.bhive] onto the JUL framework
20:05:49,751 |-INFO in ch.qos.logback.classic.model.processor.LoggerModelHandler - Setting level of logger [javax.activation] to WARN
20:05:49,751 |-INFO in ch.qos.logback.classic.jul.LevelChangePropagator@6cd66f6a - Propagating WARN level on Logger[javax.activation] onto the JUL framework
20:05:49,751 |-INFO in ch.qos.logback.classic.jul.LevelChangePropagator@1ef93e01 - Propagating WARN level on Logger[javax.activation] onto the JUL framework
20:05:49,751 |-INFO in ch.qos.logback.classic.model.processor.LoggerModelHandler - Setting level of logger [javax.mail] to WARN
20:05:49,751 |-INFO in ch.qos.logback.classic.jul.LevelChangePropagator@6cd66f6a - Propagating WARN level on Logger[javax.mail] onto the JUL framework
20:05:49,751 |-INFO in ch.qos.logback.classic.jul.LevelChangePropagator@1ef93e01 - Propagating WARN level on Logger[javax.mail] onto the JUL framework
20:05:49,751 |-INFO in ch.qos.logback.classic.model.processor.LoggerModelHandler - Setting level of logger [javax.xml.bind] to WARN
20:05:49,751 |-INFO in ch.qos.logback.classic.jul.LevelChangePropagator@6cd66f6a - Propagating WARN level on Logger[javax.xml.bind] onto the JUL framework
20:05:49,751 |-INFO in ch.qos.logback.classic.jul.LevelChangePropagator@1ef93e01 - Propagating WARN level on Logger[javax.xml.bind] onto the JUL framework
20:05:49,751 |-INFO in ch.qos.logback.classic.model.processor.LoggerModelHandler - Setting level of logger [ch.qos.logback] to WARN
20:05:49,751 |-INFO in ch.qos.logback.classic.jul.LevelChangePropagator@6cd66f6a - Propagating WARN level on Logger[ch.qos.logback] onto the JUL framework
20:05:49,751 |-INFO in ch.qos.logback.classic.jul.LevelChangePropagator@1ef93e01 - Propagating WARN level on Logger[ch.qos.logback] onto the JUL framework
20:05:49,751 |-INFO in ch.qos.logback.classic.model.processor.LoggerModelHandler - Setting level of logger [com.codahale.metrics] to WARN
20:05:49,751 |-INFO in ch.qos.logback.classic.jul.LevelChangePropagator@6cd66f6a - Propagating WARN level on Logger[com.codahale.metrics] onto the JUL framework
20:05:49,751 |-INFO in ch.qos.logback.classic.jul.LevelChangePropagator@1ef93e01 - Propagating WARN level on Logger[com.codahale.metrics] onto the JUL framework
20:05:49,751 |-INFO in ch.qos.logback.classic.model.processor.LoggerModelHandler - Setting level of logger [com.ryantenney] to WARN
20:05:49,751 |-INFO in ch.qos.logback.classic.jul.LevelChangePropagator@6cd66f6a - Propagating WARN level on Logger[com.ryantenney] onto the JUL framework
20:05:49,751 |-INFO in ch.qos.logback.classic.jul.LevelChangePropagator@1ef93e01 - Propagating WARN level on Logger[com.ryantenney] onto the JUL framework
20:05:49,751 |-INFO in ch.qos.logback.classic.model.processor.LoggerModelHandler - Setting level of logger [com.sun.xml.internal.bind] to WARN
20:05:49,751 |-INFO in ch.qos.logback.classic.jul.LevelChangePropagator@6cd66f6a - Propagating WARN level on Logger[com.sun.xml.internal.bind] onto the JUL framework
20:05:49,751 |-INFO in ch.qos.logback.classic.jul.LevelChangePropagator@1ef93e01 - Propagating WARN level on Logger[com.sun.xml.internal.bind] onto the JUL framework
20:05:49,751 |-INFO in ch.qos.logback.classic.model.processor.LoggerModelHandler - Setting level of logger [com.zaxxer] to WARN
20:05:49,751 |-INFO in ch.qos.logback.classic.jul.LevelChangePropagator@6cd66f6a - Propagating WARN level on Logger[com.zaxxer] onto the JUL framework
20:05:49,751 |-INFO in ch.qos.logback.classic.jul.LevelChangePropagator@1ef93e01 - Propagating WARN level on Logger[com.zaxxer] onto the JUL framework
20:05:49,751 |-INFO in ch.qos.logback.classic.model.processor.LoggerModelHandler - Setting level of logger [io.undertow] to WARN
20:05:49,751 |-INFO in ch.qos.logback.classic.jul.LevelChangePropagator@6cd66f6a - Propagating WARN level on Logger[io.undertow] onto the JUL framework
20:05:49,751 |-INFO in ch.qos.logback.classic.jul.LevelChangePropagator@1ef93e01 - Propagating WARN level on Logger[io.undertow] onto the JUL framework
20:05:49,751 |-INFO in ch.qos.logback.classic.model.processor.LoggerModelHandler - Setting level of logger [net.sf.ehcache] to WARN
20:05:49,751 |-INFO in ch.qos.logback.classic.jul.LevelChangePropagator@6cd66f6a - Propagating WARN level on Logger[net.sf.ehcache] onto the JUL framework
20:05:49,751 |-INFO in ch.qos.logback.classic.jul.LevelChangePropagator@1ef93e01 - Propagating WARN level on Logger[net.sf.ehcache] onto the JUL framework
20:05:49,751 |-INFO in ch.qos.logback.classic.model.processor.LoggerModelHandler - Setting level of logger [org.apache] to WARN
20:05:49,751 |-INFO in ch.qos.logback.classic.jul.LevelChangePropagator@6cd66f6a - Propagating WARN level on Logger[org.apache] onto the JUL framework
20:05:49,751 |-INFO in ch.qos.logback.classic.jul.LevelChangePropagator@1ef93e01 - Propagating WARN level on Logger[org.apache] onto the JUL framework
20:05:49,751 |-INFO in ch.qos.logback.classic.model.processor.LoggerModelHandler - Setting level of logger [org.apache.catalina.startup.DigesterFactory] to OFF
20:05:49,751 |-INFO in ch.qos.logback.classic.jul.LevelChangePropagator@6cd66f6a - Propagating OFF level on Logger[org.apache.catalina.startup.DigesterFactory] onto the JUL framework
20:05:49,751 |-INFO in ch.qos.logback.classic.jul.LevelChangePropagator@1ef93e01 - Propagating OFF level on Logger[org.apache.catalina.startup.DigesterFactory] onto the JUL framework
20:05:49,751 |-INFO in ch.qos.logback.classic.model.processor.LoggerModelHandler - Setting level of logger [org.bson] to WARN
20:05:49,751 |-INFO in ch.qos.logback.classic.jul.LevelChangePropagator@6cd66f6a - Propagating WARN level on Logger[org.bson] onto the JUL framework
20:05:49,751 |-INFO in ch.qos.logback.classic.jul.LevelChangePropagator@1ef93e01 - Propagating WARN level on Logger[org.bson] onto the JUL framework
20:05:49,751 |-INFO in ch.qos.logback.classic.model.processor.LoggerModelHandler - Setting level of logger [org.hibernate.validator] to WARN
20:05:49,751 |-INFO in ch.qos.logback.classic.jul.LevelChangePropagator@6cd66f6a - Propagating WARN level on Logger[org.hibernate.validator] onto the JUL framework
20:05:49,751 |-INFO in ch.qos.logback.classic.jul.LevelChangePropagator@1ef93e01 - Propagating WARN level on Logger[org.hibernate.validator] onto the JUL framework
20:05:49,751 |-INFO in ch.qos.logback.classic.model.processor.LoggerModelHandler - Setting level of logger [org.hibernate] to WARN
20:05:49,751 |-INFO in ch.qos.logback.classic.jul.LevelChangePropagator@6cd66f6a - Propagating WARN level on Logger[org.hibernate] onto the JUL framework
20:05:49,751 |-INFO in ch.qos.logback.classic.jul.LevelChangePropagator@1ef93e01 - Propagating WARN level on Logger[org.hibernate] onto the JUL framework
20:05:49,751 |-INFO in ch.qos.logback.classic.model.processor.LoggerModelHandler - Setting level of logger [org.hibernate.ejb.HibernatePersistence] to OFF
20:05:49,751 |-INFO in ch.qos.logback.classic.jul.LevelChangePropagator@6cd66f6a - Propagating OFF level on Logger[org.hibernate.ejb.HibernatePersistence] onto the JUL framework
20:05:49,751 |-INFO in ch.qos.logback.classic.jul.LevelChangePropagator@1ef93e01 - Propagating OFF level on Logger[org.hibernate.ejb.HibernatePersistence] onto the JUL framework
20:05:49,751 |-INFO in ch.qos.logback.classic.model.processor.LoggerModelHandler - Setting level of logger [org.springframework] to WARN
20:05:49,751 |-INFO in ch.qos.logback.classic.jul.LevelChangePropagator@6cd66f6a - Propagating WARN level on Logger[org.springframework] onto the JUL framework
20:05:49,751 |-INFO in ch.qos.logback.classic.jul.LevelChangePropagator@1ef93e01 - Propagating WARN level on Logger[org.springframework] onto the JUL framework
20:05:49,751 |-INFO in ch.qos.logback.classic.model.processor.LoggerModelHandler - Setting level of logger [org.springframework.web] to WARN
20:05:49,751 |-INFO in ch.qos.logback.classic.jul.LevelChangePropagator@6cd66f6a - Propagating WARN level on Logger[org.springframework.web] onto the JUL framework
20:05:49,751 |-INFO in ch.qos.logback.classic.jul.LevelChangePropagator@1ef93e01 - Propagating WARN level on Logger[org.springframework.web] onto the JUL framework
20:05:49,751 |-INFO in ch.qos.logback.classic.model.processor.LoggerModelHandler - Setting level of logger [org.springframework.security] to WARN
20:05:49,751 |-INFO in ch.qos.logback.classic.jul.LevelChangePropagator@6cd66f6a - Propagating WARN level on Logger[org.springframework.security] onto the JUL framework
20:05:49,751 |-INFO in ch.qos.logback.classic.jul.LevelChangePropagator@1ef93e01 - Propagating WARN level on Logger[org.springframework.security] onto the JUL framework
20:05:49,751 |-INFO in ch.qos.logback.classic.model.processor.LoggerModelHandler - Setting level of logger [org.springframework.cache] to WARN
20:05:49,751 |-INFO in ch.qos.logback.classic.jul.LevelChangePropagator@6cd66f6a - Propagating WARN level on Logger[org.springframework.cache] onto the JUL framework
20:05:49,751 |-INFO in ch.qos.logback.classic.jul.LevelChangePropagator@1ef93e01 - Propagating WARN level on Logger[org.springframework.cache] onto the JUL framework
20:05:49,751 |-INFO in ch.qos.logback.classic.model.processor.LoggerModelHandler - Setting level of logger [org.thymeleaf] to WARN
20:05:49,751 |-INFO in ch.qos.logback.classic.jul.LevelChangePropagator@6cd66f6a - Propagating WARN level on Logger[org.thymeleaf] onto the JUL framework
20:05:49,751 |-INFO in ch.qos.logback.classic.jul.LevelChangePropagator@1ef93e01 - Propagating WARN level on Logger[org.thymeleaf] onto the JUL framework
20:05:49,751 |-INFO in ch.qos.logback.classic.model.processor.LoggerModelHandler - Setting level of logger [org.xnio] to WARN
20:05:49,751 |-INFO in ch.qos.logback.classic.jul.LevelChangePropagator@6cd66f6a - Propagating WARN level on Logger[org.xnio] onto the JUL framework
20:05:49,751 |-INFO in ch.qos.logback.classic.jul.LevelChangePropagator@1ef93e01 - Propagating WARN level on Logger[org.xnio] onto the JUL framework
20:05:49,751 |-INFO in ch.qos.logback.classic.model.processor.LoggerModelHandler - Setting level of logger [com.mangofactory.swagger] to WARN
20:05:49,751 |-INFO in ch.qos.logback.classic.jul.LevelChangePropagator@6cd66f6a - Propagating WARN level on Logger[com.mangofactory.swagger] onto the JUL framework
20:05:49,751 |-INFO in ch.qos.logback.classic.jul.LevelChangePropagator@1ef93e01 - Propagating WARN level on Logger[com.mangofactory.swagger] onto the JUL framework
20:05:49,751 |-INFO in ch.qos.logback.classic.model.processor.LoggerModelHandler - Setting level of logger [com.wordnik.swagger] to WARN
20:05:49,751 |-INFO in ch.qos.logback.classic.jul.LevelChangePropagator@6cd66f6a - Propagating WARN level on Logger[com.wordnik.swagger] onto the JUL framework
20:05:49,751 |-INFO in ch.qos.logback.classic.jul.LevelChangePropagator@1ef93e01 - Propagating WARN level on Logger[com.wordnik.swagger] onto the JUL framework
20:05:49,751 |-INFO in ch.qos.logback.classic.model.processor.LoggerModelHandler - Setting level of logger [liquibase] to WARN
20:05:49,751 |-INFO in ch.qos.logback.classic.jul.LevelChangePropagator@6cd66f6a - Propagating WARN level on Logger[liquibase] onto the JUL framework
20:05:49,751 |-INFO in ch.qos.logback.classic.jul.LevelChangePropagator@1ef93e01 - Propagating WARN level on Logger[liquibase] onto the JUL framework
20:05:49,751 |-INFO in ch.qos.logback.classic.model.processor.LoggerModelHandler - Setting level of logger [sun.rmi.transport] to WARN
20:05:49,751 |-INFO in ch.qos.logback.classic.jul.LevelChangePropagator@6cd66f6a - Propagating WARN level on Logger[sun.rmi.transport] onto the JUL framework
20:05:49,751 |-INFO in ch.qos.logback.classic.jul.LevelChangePropagator@1ef93e01 - Propagating WARN level on Logger[sun.rmi.transport] onto the JUL framework
20:05:49,751 |-INFO in ch.qos.logback.classic.model.processor.RootLoggerModelHandler - Setting level of ROOT logger to DEBUG
20:05:49,751 |-INFO in ch.qos.logback.core.model.processor.AppenderRefModelHandler - Attaching appender named [FILE] to Logger[ROOT]
20:05:49,751 |-INFO in ch.qos.logback.core.model.processor.DefaultProcessor@d512c1 - End of configuration.
20:05:49,752 |-INFO in org.springframework.boot.logging.logback.SpringBootJoranConfigurator@578b2dec - Registering current configuration as safe fallback point

       _                _ _        _            _
    ___| |__   ___ _ __ (_) | ___  | |_ ___  ___| |_
   / __| '_ \ / _ \ '_ \| | |/ _ \ | __/ _ \/ __| __|
  | (__| | | |  __/ | | | | |  __/ | ||  __/\__ \ |_
   \___|_| |_|\___|_| |_|_|_|\___|  \__\___||___/\__|
Standard Commons Logging discovery in action with spring-jcl: please remove commons-logging.jar from classpath in order to avoid potential conflicts
]]></system-out>
  </testcase>
  <testcase name="Retrieve the userservice that just got created" classname="Feature: Tests the Chenile Workflow Service using a REST client. Userservice service exists and is under test." time="0.0">
    <error message="Could not initialize class org.chenile.security.test.BaseSecurityTest" type="java.lang.NoClassDefFoundError"><![CDATA[java.lang.NoClassDefFoundError: Could not initialize class org.chenile.security.test.BaseSecurityTest
	at org.chenile.cucumber.security.rest.RestCukesSecSteps.before(RestCukesSecSteps.java:34)
	at java.base/java.lang.reflect.Method.invoke(Method.java:580)
	at cucumber.runtime.Utils$1.call(Utils.java:26)
	at cucumber.runtime.Timeout.timeout(Timeout.java:16)
	at cucumber.runtime.Utils.invoke(Utils.java:20)
	at cucumber.runtime.java.JavaHookDefinition.execute(JavaHookDefinition.java:60)
	at cucumber.runner.HookDefinitionMatch.runStep(HookDefinitionMatch.java:16)
	at cucumber.runner.TestStep.executeStep(TestStep.java:65)
	at cucumber.runner.TestStep.run(TestStep.java:50)
	at cucumber.runner.TestCase.run(TestCase.java:42)
	at cucumber.runner.Runner.runPickle(Runner.java:49)
	at cucumber.runtime.junit.PickleRunners$NoStepDescriptions.run(PickleRunners.java:146)
	at cucumber.runtime.junit.FeatureRunner.runChild(FeatureRunner.java:68)
	at cucumber.runtime.junit.FeatureRunner.runChild(FeatureRunner.java:23)
	at cucumber.runtime.junit.FeatureRunner.run(FeatureRunner.java:73)
	at cucumber.api.junit.Cucumber.runChild(Cucumber.java:123)
	at cucumber.api.junit.Cucumber.runChild(Cucumber.java:65)
	at cucumber.api.junit.Cucumber$RunCucumber.evaluate(Cucumber.java:147)
Caused by: java.lang.ExceptionInInitializerError: Exception org.testcontainers.containers.ContainerFetchException: Can't get Docker image: RemoteDockerImage(imageName=quay.io/keycloak/keycloak:25.0, imagePullPolicy=DefaultPullPolicy(), imageNameSubstitutor=org.testcontainers.utility.ImageNameSubstitutor$LogWrappedImageNameSubstitutor@7d3879ed) [in thread "main"]
	at org.testcontainers.containers.GenericContainer.getDockerImageName(GenericContainer.java:1364)
	at org.testcontainers.containers.GenericContainer.logger(GenericContainer.java:671)
	at dasniko.testcontainers.keycloak.ExtendableKeycloakContainer.<init>(ExtendableKeycloakContainer.java:138)
	at dasniko.testcontainers.keycloak.ExtendableKeycloakContainer.<init>(ExtendableKeycloakContainer.java:126)
	at dasniko.testcontainers.keycloak.KeycloakContainer.<init>(KeycloakContainer.java:24)
	at org.chenile.security.test.BaseSecurityTest.<clinit>(BaseSecurityTest.java:51)
	... 18 more
]]></error>
  </testcase>
  <testcase name="Assign the userservice to an assignee with comments" classname="Feature: Tests the Chenile Workflow Service using a REST client. Userservice service exists and is under test." time="0.001">
    <failure message="Multiple Failures (2 failures)&#10;	java.lang.NoClassDefFoundError: Could not initialize class org.chenile.security.test.BaseSecurityTest&#10;	cucumber.runtime.junit.UndefinedThrowable: The step &quot;I PATCH a REST request to URL &quot;/userservice/${id}/assign&quot; with payload&quot; is undefined" type="org.opentest4j.MultipleFailuresError"><![CDATA[org.opentest4j.MultipleFailuresError: 
Multiple Failures (2 failures)
	java.lang.NoClassDefFoundError: Could not initialize class org.chenile.security.test.BaseSecurityTest
	cucumber.runtime.junit.UndefinedThrowable: The step "I PATCH a REST request to URL "/userservice/${id}/assign" with payload" is undefined
	at cucumber.runtime.junit.JUnitReporter$EachTestNotifier.fireTestFinished(JUnitReporter.java:252)
	at cucumber.runtime.junit.JUnitReporter.handleTestCaseResult(JUnitReporter.java:177)
	at cucumber.runtime.junit.JUnitReporter$4.receive(JUnitReporter.java:65)
	at cucumber.runtime.junit.JUnitReporter$4.receive(JUnitReporter.java:61)
	at cucumber.runner.AbstractEventPublisher.send(AbstractEventPublisher.java:45)
	at cucumber.runner.AbstractEventBus.send(AbstractEventBus.java:9)
	at cucumber.runner.ThreadLocalRunnerSupplier$LocalEventBus.send(ThreadLocalRunnerSupplier.java:60)
	at cucumber.runner.TestCase.run(TestCase.java:55)
	at cucumber.runner.Runner.runPickle(Runner.java:49)
	at cucumber.runtime.junit.PickleRunners$NoStepDescriptions.run(PickleRunners.java:146)
	at cucumber.runtime.junit.FeatureRunner.runChild(FeatureRunner.java:68)
	at cucumber.runtime.junit.FeatureRunner.runChild(FeatureRunner.java:23)
	at cucumber.runtime.junit.FeatureRunner.run(FeatureRunner.java:73)
	at cucumber.api.junit.Cucumber.runChild(Cucumber.java:123)
	at cucumber.api.junit.Cucumber.runChild(Cucumber.java:65)
	at cucumber.api.junit.Cucumber$RunCucumber.evaluate(Cucumber.java:147)
	Suppressed: java.lang.NoClassDefFoundError: Could not initialize class org.chenile.security.test.BaseSecurityTest
		at org.chenile.cucumber.security.rest.RestCukesSecSteps.before(RestCukesSecSteps.java:34)
		at java.base/java.lang.reflect.Method.invoke(Method.java:580)
		at cucumber.runtime.Utils$1.call(Utils.java:26)
		at cucumber.runtime.Timeout.timeout(Timeout.java:16)
		at cucumber.runtime.Utils.invoke(Utils.java:20)
		at cucumber.runtime.java.JavaHookDefinition.execute(JavaHookDefinition.java:60)
		at cucumber.runner.HookDefinitionMatch.runStep(HookDefinitionMatch.java:16)
		at cucumber.runner.TestStep.executeStep(TestStep.java:65)
		at cucumber.runner.TestStep.run(TestStep.java:50)
		at cucumber.runner.TestCase.run(TestCase.java:42)
		... 8 more
	Caused by: java.lang.ExceptionInInitializerError: Exception org.testcontainers.containers.ContainerFetchException: Can't get Docker image: RemoteDockerImage(imageName=quay.io/keycloak/keycloak:25.0, imagePullPolicy=DefaultPullPolicy(), imageNameSubstitutor=org.testcontainers.utility.ImageNameSubstitutor$LogWrappedImageNameSubstitutor@7d3879ed) [in thread "main"]
		at org.testcontainers.containers.GenericContainer.getDockerImageName(GenericContainer.java:1364)
		at org.testcontainers.containers.GenericContainer.logger(GenericContainer.java:671)
		at dasniko.testcontainers.keycloak.ExtendableKeycloakContainer.<init>(ExtendableKeycloakContainer.java:138)
		at dasniko.testcontainers.keycloak.ExtendableKeycloakContainer.<init>(ExtendableKeycloakContainer.java:126)
		at dasniko.testcontainers.keycloak.KeycloakContainer.<init>(KeycloakContainer.java:24)
		at org.chenile.security.test.BaseSecurityTest.<clinit>(BaseSecurityTest.java:51)
		... 18 more
	Suppressed: cucumber.runtime.junit.UndefinedThrowable: The step "I PATCH a REST request to URL "/userservice/${id}/assign" with payload" is undefined
]]></failure>
  </testcase>
  <testcase name="Resolve the userservice with comments" classname="Feature: Tests the Chenile Workflow Service using a REST client. Userservice service exists and is under test." time="0.001">
    <failure message="Multiple Failures (2 failures)&#10;	java.lang.NoClassDefFoundError: Could not initialize class org.chenile.security.test.BaseSecurityTest&#10;	cucumber.runtime.junit.UndefinedThrowable: The step &quot;I PATCH a REST request to URL &quot;/userservice/${id}/resolve&quot; with payload&quot; is undefined" type="org.opentest4j.MultipleFailuresError"><![CDATA[org.opentest4j.MultipleFailuresError: 
Multiple Failures (2 failures)
	java.lang.NoClassDefFoundError: Could not initialize class org.chenile.security.test.BaseSecurityTest
	cucumber.runtime.junit.UndefinedThrowable: The step "I PATCH a REST request to URL "/userservice/${id}/resolve" with payload" is undefined
	at cucumber.runtime.junit.JUnitReporter$EachTestNotifier.fireTestFinished(JUnitReporter.java:252)
	at cucumber.runtime.junit.JUnitReporter.handleTestCaseResult(JUnitReporter.java:177)
	at cucumber.runtime.junit.JUnitReporter$4.receive(JUnitReporter.java:65)
	at cucumber.runtime.junit.JUnitReporter$4.receive(JUnitReporter.java:61)
	at cucumber.runner.AbstractEventPublisher.send(AbstractEventPublisher.java:45)
	at cucumber.runner.AbstractEventBus.send(AbstractEventBus.java:9)
	at cucumber.runner.ThreadLocalRunnerSupplier$LocalEventBus.send(ThreadLocalRunnerSupplier.java:60)
	at cucumber.runner.TestCase.run(TestCase.java:55)
	at cucumber.runner.Runner.runPickle(Runner.java:49)
	at cucumber.runtime.junit.PickleRunners$NoStepDescriptions.run(PickleRunners.java:146)
	at cucumber.runtime.junit.FeatureRunner.runChild(FeatureRunner.java:68)
	at cucumber.runtime.junit.FeatureRunner.runChild(FeatureRunner.java:23)
	at cucumber.runtime.junit.FeatureRunner.run(FeatureRunner.java:73)
	at cucumber.api.junit.Cucumber.runChild(Cucumber.java:123)
	at cucumber.api.junit.Cucumber.runChild(Cucumber.java:65)
	at cucumber.api.junit.Cucumber$RunCucumber.evaluate(Cucumber.java:147)
	Suppressed: java.lang.NoClassDefFoundError: Could not initialize class org.chenile.security.test.BaseSecurityTest
		at org.chenile.cucumber.security.rest.RestCukesSecSteps.before(RestCukesSecSteps.java:34)
		at java.base/java.lang.reflect.Method.invoke(Method.java:580)
		at cucumber.runtime.Utils$1.call(Utils.java:26)
		at cucumber.runtime.Timeout.timeout(Timeout.java:16)
		at cucumber.runtime.Utils.invoke(Utils.java:20)
		at cucumber.runtime.java.JavaHookDefinition.execute(JavaHookDefinition.java:60)
		at cucumber.runner.HookDefinitionMatch.runStep(HookDefinitionMatch.java:16)
		at cucumber.runner.TestStep.executeStep(TestStep.java:65)
		at cucumber.runner.TestStep.run(TestStep.java:50)
		at cucumber.runner.TestCase.run(TestCase.java:42)
		... 8 more
	Caused by: java.lang.ExceptionInInitializerError: Exception org.testcontainers.containers.ContainerFetchException: Can't get Docker image: RemoteDockerImage(imageName=quay.io/keycloak/keycloak:25.0, imagePullPolicy=DefaultPullPolicy(), imageNameSubstitutor=org.testcontainers.utility.ImageNameSubstitutor$LogWrappedImageNameSubstitutor@7d3879ed) [in thread "main"]
		at org.testcontainers.containers.GenericContainer.getDockerImageName(GenericContainer.java:1364)
		at org.testcontainers.containers.GenericContainer.logger(GenericContainer.java:671)
		at dasniko.testcontainers.keycloak.ExtendableKeycloakContainer.<init>(ExtendableKeycloakContainer.java:138)
		at dasniko.testcontainers.keycloak.ExtendableKeycloakContainer.<init>(ExtendableKeycloakContainer.java:126)
		at dasniko.testcontainers.keycloak.KeycloakContainer.<init>(KeycloakContainer.java:24)
		at org.chenile.security.test.BaseSecurityTest.<clinit>(BaseSecurityTest.java:51)
		... 18 more
	Suppressed: cucumber.runtime.junit.UndefinedThrowable: The step "I PATCH a REST request to URL "/userservice/${id}/resolve" with payload" is undefined
]]></failure>
  </testcase>
  <testcase name="Close the userservice with comments" classname="Feature: Tests the Chenile Workflow Service using a REST client. Userservice service exists and is under test." time="0.001">
    <failure message="Multiple Failures (2 failures)&#10;	java.lang.NoClassDefFoundError: Could not initialize class org.chenile.security.test.BaseSecurityTest&#10;	cucumber.runtime.junit.UndefinedThrowable: The step &quot;I PATCH a REST request to URL &quot;/userservice/${id}/close&quot; with payload&quot; is undefined" type="org.opentest4j.MultipleFailuresError"><![CDATA[org.opentest4j.MultipleFailuresError: 
Multiple Failures (2 failures)
	java.lang.NoClassDefFoundError: Could not initialize class org.chenile.security.test.BaseSecurityTest
	cucumber.runtime.junit.UndefinedThrowable: The step "I PATCH a REST request to URL "/userservice/${id}/close" with payload" is undefined
	at cucumber.runtime.junit.JUnitReporter$EachTestNotifier.fireTestFinished(JUnitReporter.java:252)
	at cucumber.runtime.junit.JUnitReporter.handleTestCaseResult(JUnitReporter.java:177)
	at cucumber.runtime.junit.JUnitReporter$4.receive(JUnitReporter.java:65)
	at cucumber.runtime.junit.JUnitReporter$4.receive(JUnitReporter.java:61)
	at cucumber.runner.AbstractEventPublisher.send(AbstractEventPublisher.java:45)
	at cucumber.runner.AbstractEventBus.send(AbstractEventBus.java:9)
	at cucumber.runner.ThreadLocalRunnerSupplier$LocalEventBus.send(ThreadLocalRunnerSupplier.java:60)
	at cucumber.runner.TestCase.run(TestCase.java:55)
	at cucumber.runner.Runner.runPickle(Runner.java:49)
	at cucumber.runtime.junit.PickleRunners$NoStepDescriptions.run(PickleRunners.java:146)
	at cucumber.runtime.junit.FeatureRunner.runChild(FeatureRunner.java:68)
	at cucumber.runtime.junit.FeatureRunner.runChild(FeatureRunner.java:23)
	at cucumber.runtime.junit.FeatureRunner.run(FeatureRunner.java:73)
	at cucumber.api.junit.Cucumber.runChild(Cucumber.java:123)
	at cucumber.api.junit.Cucumber.runChild(Cucumber.java:65)
	at cucumber.api.junit.Cucumber$RunCucumber.evaluate(Cucumber.java:147)
	Suppressed: java.lang.NoClassDefFoundError: Could not initialize class org.chenile.security.test.BaseSecurityTest
		at org.chenile.cucumber.security.rest.RestCukesSecSteps.before(RestCukesSecSteps.java:34)
		at java.base/java.lang.reflect.Method.invoke(Method.java:580)
		at cucumber.runtime.Utils$1.call(Utils.java:26)
		at cucumber.runtime.Timeout.timeout(Timeout.java:16)
		at cucumber.runtime.Utils.invoke(Utils.java:20)
		at cucumber.runtime.java.JavaHookDefinition.execute(JavaHookDefinition.java:60)
		at cucumber.runner.HookDefinitionMatch.runStep(HookDefinitionMatch.java:16)
		at cucumber.runner.TestStep.executeStep(TestStep.java:65)
		at cucumber.runner.TestStep.run(TestStep.java:50)
		at cucumber.runner.TestCase.run(TestCase.java:42)
		... 8 more
	Caused by: java.lang.ExceptionInInitializerError: Exception org.testcontainers.containers.ContainerFetchException: Can't get Docker image: RemoteDockerImage(imageName=quay.io/keycloak/keycloak:25.0, imagePullPolicy=DefaultPullPolicy(), imageNameSubstitutor=org.testcontainers.utility.ImageNameSubstitutor$LogWrappedImageNameSubstitutor@7d3879ed) [in thread "main"]
		at org.testcontainers.containers.GenericContainer.getDockerImageName(GenericContainer.java:1364)
		at org.testcontainers.containers.GenericContainer.logger(GenericContainer.java:671)
		at dasniko.testcontainers.keycloak.ExtendableKeycloakContainer.<init>(ExtendableKeycloakContainer.java:138)
		at dasniko.testcontainers.keycloak.ExtendableKeycloakContainer.<init>(ExtendableKeycloakContainer.java:126)
		at dasniko.testcontainers.keycloak.KeycloakContainer.<init>(KeycloakContainer.java:24)
		at org.chenile.security.test.BaseSecurityTest.<clinit>(BaseSecurityTest.java:51)
		... 18 more
	Suppressed: cucumber.runtime.junit.UndefinedThrowable: The step "I PATCH a REST request to URL "/userservice/${id}/close" with payload" is undefined
]]></failure>
  </testcase>
  <testcase name="Assign a closed userservice to someone. This will err out." classname="Feature: Tests the Chenile Workflow Service using a REST client. Userservice service exists and is under test." time="0.0">
    <failure message="Multiple Failures (2 failures)&#10;	java.lang.NoClassDefFoundError: Could not initialize class org.chenile.security.test.BaseSecurityTest&#10;	cucumber.runtime.junit.UndefinedThrowable: The step &quot;I PATCH a REST request to URL &quot;/userservice/${id}/assign&quot; with payload&quot; is undefined" type="org.opentest4j.MultipleFailuresError"><![CDATA[org.opentest4j.MultipleFailuresError: 
Multiple Failures (2 failures)
	java.lang.NoClassDefFoundError: Could not initialize class org.chenile.security.test.BaseSecurityTest
	cucumber.runtime.junit.UndefinedThrowable: The step "I PATCH a REST request to URL "/userservice/${id}/assign" with payload" is undefined
	at cucumber.runtime.junit.JUnitReporter$EachTestNotifier.fireTestFinished(JUnitReporter.java:252)
	at cucumber.runtime.junit.JUnitReporter.handleTestCaseResult(JUnitReporter.java:177)
	at cucumber.runtime.junit.JUnitReporter$4.receive(JUnitReporter.java:65)
	at cucumber.runtime.junit.JUnitReporter$4.receive(JUnitReporter.java:61)
	at cucumber.runner.AbstractEventPublisher.send(AbstractEventPublisher.java:45)
	at cucumber.runner.AbstractEventBus.send(AbstractEventBus.java:9)
	at cucumber.runner.ThreadLocalRunnerSupplier$LocalEventBus.send(ThreadLocalRunnerSupplier.java:60)
	at cucumber.runner.TestCase.run(TestCase.java:55)
	at cucumber.runner.Runner.runPickle(Runner.java:49)
	at cucumber.runtime.junit.PickleRunners$NoStepDescriptions.run(PickleRunners.java:146)
	at cucumber.runtime.junit.FeatureRunner.runChild(FeatureRunner.java:68)
	at cucumber.runtime.junit.FeatureRunner.runChild(FeatureRunner.java:23)
	at cucumber.runtime.junit.FeatureRunner.run(FeatureRunner.java:73)
	at cucumber.api.junit.Cucumber.runChild(Cucumber.java:123)
	at cucumber.api.junit.Cucumber.runChild(Cucumber.java:65)
	at cucumber.api.junit.Cucumber$RunCucumber.evaluate(Cucumber.java:147)
	Suppressed: java.lang.NoClassDefFoundError: Could not initialize class org.chenile.security.test.BaseSecurityTest
		at org.chenile.cucumber.security.rest.RestCukesSecSteps.before(RestCukesSecSteps.java:34)
		at java.base/java.lang.reflect.Method.invoke(Method.java:580)
		at cucumber.runtime.Utils$1.call(Utils.java:26)
		at cucumber.runtime.Timeout.timeout(Timeout.java:16)
		at cucumber.runtime.Utils.invoke(Utils.java:20)
		at cucumber.runtime.java.JavaHookDefinition.execute(JavaHookDefinition.java:60)
		at cucumber.runner.HookDefinitionMatch.runStep(HookDefinitionMatch.java:16)
		at cucumber.runner.TestStep.executeStep(TestStep.java:65)
		at cucumber.runner.TestStep.run(TestStep.java:50)
		at cucumber.runner.TestCase.run(TestCase.java:42)
		... 8 more
	Caused by: java.lang.ExceptionInInitializerError: Exception org.testcontainers.containers.ContainerFetchException: Can't get Docker image: RemoteDockerImage(imageName=quay.io/keycloak/keycloak:25.0, imagePullPolicy=DefaultPullPolicy(), imageNameSubstitutor=org.testcontainers.utility.ImageNameSubstitutor$LogWrappedImageNameSubstitutor@7d3879ed) [in thread "main"]
		at org.testcontainers.containers.GenericContainer.getDockerImageName(GenericContainer.java:1364)
		at org.testcontainers.containers.GenericContainer.logger(GenericContainer.java:671)
		at dasniko.testcontainers.keycloak.ExtendableKeycloakContainer.<init>(ExtendableKeycloakContainer.java:138)
		at dasniko.testcontainers.keycloak.ExtendableKeycloakContainer.<init>(ExtendableKeycloakContainer.java:126)
		at dasniko.testcontainers.keycloak.KeycloakContainer.<init>(KeycloakContainer.java:24)
		at org.chenile.security.test.BaseSecurityTest.<clinit>(BaseSecurityTest.java:51)
		... 18 more
	Suppressed: cucumber.runtime.junit.UndefinedThrowable: The step "I PATCH a REST request to URL "/userservice/${id}/assign" with payload" is undefined
]]></failure>
  </testcase>
</testsuite>